2013-04-30 19:02:27 [27386] [INFO] Starting gunicorn 0.16.1
2013-04-30 19:02:27 [27386] [DEBUG] Arbiter booted
2013-04-30 19:02:27 [27386] [INFO] Listening at: http://127.0.0.1:8002 (27386)
2013-04-30 19:02:27 [27386] [INFO] Using worker: sync
2013-04-30 19:02:27 [27390] [INFO] Booting worker with pid: 27390
2013-04-30 19:02:27 [27391] [INFO] Booting worker with pid: 27391
2013-04-30 19:02:27 [27392] [INFO] Booting worker with pid: 27392
/root/django-trunk/django/conf/__init__.py:219: DeprecationWarning: You have no filters defined on the 'mail_admins' logging handler: adding implicit debug-false-only filter. See http://docs.djangoproject.com/en/dev/releases/1.4/#request-exceptions-are-now-always-logged
  DeprecationWarning)

/root/django-trunk/django/conf/__init__.py:219: DeprecationWarning: You have no filters defined on the 'mail_admins' logging handler: adding implicit debug-false-only filter. See http://docs.djangoproject.com/en/dev/releases/1.4/#request-exceptions-are-now-always-logged
  DeprecationWarning)

/root/django-trunk/django/conf/__init__.py:219: DeprecationWarning: You have no filters defined on the 'mail_admins' logging handler: adding implicit debug-false-only filter. See http://docs.djangoproject.com/en/dev/releases/1.4/#request-exceptions-are-now-always-logged
  DeprecationWarning)

/usr/local/lib/python2.7/dist-packages/registration/models.py:4: DeprecationWarning: the sha module is deprecated; use the hashlib module instead
  import sha

/usr/local/lib/python2.7/dist-packages/registration/models.py:4: DeprecationWarning: the sha module is deprecated; use the hashlib module instead
  import sha

/usr/local/lib/python2.7/dist-packages/registration/models.py:4: DeprecationWarning: the sha module is deprecated; use the hashlib module instead
  import sha

/root/django-trunk/django/utils/hashcompat.py:9: DeprecationWarning: django.utils.hashcompat is deprecated; use hashlib instead
  DeprecationWarning)

/root/django-trunk/django/utils/hashcompat.py:9: DeprecationWarning: django.utils.hashcompat is deprecated; use hashlib instead
  DeprecationWarning)

/root/django-trunk/django/utils/hashcompat.py:9: DeprecationWarning: django.utils.hashcompat is deprecated; use hashlib instead
  DeprecationWarning)

2013-04-30 13:02:35 [27391] [DEBUG] GET /favicon.ico
2013-04-30 13:02:35 [27392] [DEBUG] GET /
/root/django-trunk/django/conf/urls/defaults.py:3: DeprecationWarning: django.conf.urls.defaults is deprecated; use django.conf.urls instead
  DeprecationWarning)

/root/django-trunk/django/conf/urls/defaults.py:3: DeprecationWarning: django.conf.urls.defaults is deprecated; use django.conf.urls instead
  DeprecationWarning)

2013-04-30 13:02:39 [27391] [DEBUG] GET /favicon.ico
2013-04-30 13:02:39 [27391] [DEBUG] GET /events/
[<SingleEvent: timothysamsonlewis/// Motley Crue/// 2013-05-02 19:30:00>, <SingleEvent: timothysamsonlewis/// Motley Crue/// 2013-05-02 19:30:00>, <SingleEvent: fusion/// Metal Mondays/// 2013-05-06 21:00:00>, <SingleEvent: fusion/// Metal Mondays/// 2013-05-13 21:00:00>, <SingleEvent: fusion/// Metal Mondays/// 2013-05-20 21:00:00>, <SingleEvent: fusion/// Metal Mondays/// 2013-05-27 21:00:00>]
<WSGIRequest
path:/events/,
GET:<QueryDict: {}>,
POST:<QueryDict: {}>,
COOKIES:{'csrftoken': 'mB5RR36ApGW570ijGYH91hs1nN5sQB0N',
 'fbm_241160805895511': 'base_domain=.dev.cityfusion.ca',
 'fbsr_241160805895511': 'vOTUCJ7opwvKKoVU6A3duwfxVyGjLK_CxXeFxX7tIu0.eyJhbGdvcml0aG0iOiJITUFDLVNIQTI1NiIsImNvZGUiOiJBUURwTnNtTlNnYnR4VkNtV2F2cVRJZTVKd0RXNUpua2pmcUR0d3dMTVltaW44UUltUGVNV1g0ME9Na2F4S3RsRVBMZnRkVU1wRmFhTzdRanlHSUJjeU5ZLURZd01BNjB1MjB6ZjhjRHE3Qi10SFFrcF83aTI2cjhtZV9hSEU1LVh5eXBJQ24zMHN6dnVxV3plaUloeEhIclBDTXpvQmpjVTR1eTFYWUY5cDBKdC1TMUJQYk1uSl9NTmtsY3ZlVlF3YnI4QUZhUG13SjB2YklxblBzd2czZU8iLCJpc3N1ZWRfYXQiOjEzNjczNDg1NDgsInVzZXJfaWQiOiIxMDAwMDA3OTY0Mjg2NzkifQ',
 'fresh_registration': '2',
 'sessionid': '7czx89n297lg39bdqoqfyy6t8tt2lptm'},
META:{u'CSRF_COOKIE': u'mB5RR36ApGW570ijGYH91hs1nN5sQB0N',
 'HTTP_ACCEPT': 'text/html,application/xhtml+xml,application/xml;q=0.9,*/*;q=0.8',
 'HTTP_ACCEPT_CHARSET': 'windows-1251,utf-8;q=0.7,*;q=0.3',
 'HTTP_ACCEPT_ENCODING': 'gzip,deflate,sdch',
 'HTTP_ACCEPT_LANGUAGE': 'uk-UA,uk;q=0.8,ru;q=0.6,en-US;q=0.4,en;q=0.2',
 'HTTP_CONNECTION': 'close',
 'HTTP_COOKIE': 'fbm_241160805895511=base_domain=.dev.cityfusion.ca; fresh_registration=2; sessionid=7czx89n297lg39bdqoqfyy6t8tt2lptm; csrftoken=mB5RR36ApGW570ijGYH91hs1nN5sQB0N; fbsr_241160805895511=vOTUCJ7opwvKKoVU6A3duwfxVyGjLK_CxXeFxX7tIu0.eyJhbGdvcml0aG0iOiJITUFDLVNIQTI1NiIsImNvZGUiOiJBUURwTnNtTlNnYnR4VkNtV2F2cVRJZTVKd0RXNUpua2pmcUR0d3dMTVltaW44UUltUGVNV1g0ME9Na2F4S3RsRVBMZnRkVU1wRmFhTzdRanlHSUJjeU5ZLURZd01BNjB1MjB6ZjhjRHE3Qi10SFFrcF83aTI2cjhtZV9hSEU1LVh5eXBJQ24zMHN6dnVxV3plaUloeEhIclBDTXpvQmpjVTR1eTFYWUY5cDBKdC1TMUJQYk1uSl9NTmtsY3ZlVlF3YnI4QUZhUG13SjB2YklxblBzd2czZU8iLCJpc3N1ZWRfYXQiOjEzNjczNDg1NDgsInVzZXJfaWQiOiIxMDAwMDA3OTY0Mjg2NzkifQ',
 'HTTP_HOST': 'dev.cityfusion.ca',
 'HTTP_USER_AGENT': 'Mozilla/5.0 (X11; Linux i686) AppleWebKit/537.22 (KHTML, like Gecko) Ubuntu Chromium/25.0.1364.160 Chrome/25.0.1364.160 Safari/537.22',
 'HTTP_X_FORWARDED_FOR': '31.43.20.93',
 'PATH_INFO': u'/events/',
 'QUERY_STRING': '',
 'RAW_URI': '/events/',
 'REMOTE_ADDR': '31.43.20.93',
 'REMOTE_PORT': '80',
 'REQUEST_METHOD': 'GET',
 'SCRIPT_NAME': u'',
 'SERVER_NAME': 'dev.cityfusion.ca',
 'SERVER_PORT': '80',
 'SERVER_PROTOCOL': 'HTTP/1.0',
 'SERVER_SOFTWARE': 'gunicorn/0.16.1',
 'gunicorn.socket': <socket._socketobject object at 0xc870e2c>,
 'wsgi.errors': <gunicorn.glogging.LazyWriter object at 0xa48052c>,
 'wsgi.file_wrapper': <class gunicorn.http.wsgi.FileWrapper at 0xa484efc>,
 'wsgi.input': <gunicorn.http.body.Body object at 0xc87c54c>,
 'wsgi.multiprocess': True,
 'wsgi.multithread': False,
 'wsgi.run_once': False,
 'wsgi.url_scheme': 'http',
 'wsgi.version': (1, 0)}>
<WSGIRequest
path:/events/,
GET:<QueryDict: {}>,
POST:<QueryDict: {}>,
COOKIES:{'csrftoken': 'mB5RR36ApGW570ijGYH91hs1nN5sQB0N',
 'fbm_241160805895511': 'base_domain=.dev.cityfusion.ca',
 'fbsr_241160805895511': 'vOTUCJ7opwvKKoVU6A3duwfxVyGjLK_CxXeFxX7tIu0.eyJhbGdvcml0aG0iOiJITUFDLVNIQTI1NiIsImNvZGUiOiJBUURwTnNtTlNnYnR4VkNtV2F2cVRJZTVKd0RXNUpua2pmcUR0d3dMTVltaW44UUltUGVNV1g0ME9Na2F4S3RsRVBMZnRkVU1wRmFhTzdRanlHSUJjeU5ZLURZd01BNjB1MjB6ZjhjRHE3Qi10SFFrcF83aTI2cjhtZV9hSEU1LVh5eXBJQ24zMHN6dnVxV3plaUloeEhIclBDTXpvQmpjVTR1eTFYWUY5cDBKdC1TMUJQYk1uSl9NTmtsY3ZlVlF3YnI4QUZhUG13SjB2YklxblBzd2czZU8iLCJpc3N1ZWRfYXQiOjEzNjczNDg1NDgsInVzZXJfaWQiOiIxMDAwMDA3OTY0Mjg2NzkifQ',
 'fresh_registration': '2',
 'sessionid': '7czx89n297lg39bdqoqfyy6t8tt2lptm'},
META:{u'CSRF_COOKIE': u'mB5RR36ApGW570ijGYH91hs1nN5sQB0N',
 'HTTP_ACCEPT': 'text/html,application/xhtml+xml,application/xml;q=0.9,*/*;q=0.8',
 'HTTP_ACCEPT_CHARSET': 'windows-1251,utf-8;q=0.7,*;q=0.3',
 'HTTP_ACCEPT_ENCODING': 'gzip,deflate,sdch',
 'HTTP_ACCEPT_LANGUAGE': 'uk-UA,uk;q=0.8,ru;q=0.6,en-US;q=0.4,en;q=0.2',
 'HTTP_CONNECTION': 'close',
 'HTTP_COOKIE': 'fbm_241160805895511=base_domain=.dev.cityfusion.ca; fresh_registration=2; sessionid=7czx89n297lg39bdqoqfyy6t8tt2lptm; csrftoken=mB5RR36ApGW570ijGYH91hs1nN5sQB0N; fbsr_241160805895511=vOTUCJ7opwvKKoVU6A3duwfxVyGjLK_CxXeFxX7tIu0.eyJhbGdvcml0aG0iOiJITUFDLVNIQTI1NiIsImNvZGUiOiJBUURwTnNtTlNnYnR4VkNtV2F2cVRJZTVKd0RXNUpua2pmcUR0d3dMTVltaW44UUltUGVNV1g0ME9Na2F4S3RsRVBMZnRkVU1wRmFhTzdRanlHSUJjeU5ZLURZd01BNjB1MjB6ZjhjRHE3Qi10SFFrcF83aTI2cjhtZV9hSEU1LVh5eXBJQ24zMHN6dnVxV3plaUloeEhIclBDTXpvQmpjVTR1eTFYWUY5cDBKdC1TMUJQYk1uSl9NTmtsY3ZlVlF3YnI4QUZhUG13SjB2YklxblBzd2czZU8iLCJpc3N1ZWRfYXQiOjEzNjczNDg1NDgsInVzZXJfaWQiOiIxMDAwMDA3OTY0Mjg2NzkifQ',
 'HTTP_HOST': 'dev.cityfusion.ca',
 'HTTP_USER_AGENT': 'Mozilla/5.0 (X11; Linux i686) AppleWebKit/537.22 (KHTML, like Gecko) Ubuntu Chromium/25.0.1364.160 Chrome/25.0.1364.160 Safari/537.22',
 'HTTP_X_FORWARDED_FOR': '31.43.20.93',
 'PATH_INFO': u'/events/',
 'QUERY_STRING': '',
 'RAW_URI': '/events/',
 'REMOTE_ADDR': '31.43.20.93',
 'REMOTE_PORT': '80',
 'REQUEST_METHOD': 'GET',
 'SCRIPT_NAME': u'',
 'SERVER_NAME': 'dev.cityfusion.ca',
 'SERVER_PORT': '80',
 'SERVER_PROTOCOL': 'HTTP/1.0',
 'SERVER_SOFTWARE': 'gunicorn/0.16.1',
 'gunicorn.socket': <socket._socketobject object at 0xc870e2c>,
 'wsgi.errors': <gunicorn.glogging.LazyWriter object at 0xa48052c>,
 'wsgi.file_wrapper': <class gunicorn.http.wsgi.FileWrapper at 0xa484efc>,
 'wsgi.input': <gunicorn.http.body.Body object at 0xc87c54c>,
 'wsgi.multiprocess': True,
 'wsgi.multithread': False,
 'wsgi.run_once': False,
 'wsgi.url_scheme': 'http',
 'wsgi.version': (1, 0)}>
<WSGIRequest
path:/events/,
GET:<QueryDict: {}>,
POST:<QueryDict: {}>,
COOKIES:{'csrftoken': 'mB5RR36ApGW570ijGYH91hs1nN5sQB0N',
 'fbm_241160805895511': 'base_domain=.dev.cityfusion.ca',
 'fbsr_241160805895511': 'vOTUCJ7opwvKKoVU6A3duwfxVyGjLK_CxXeFxX7tIu0.eyJhbGdvcml0aG0iOiJITUFDLVNIQTI1NiIsImNvZGUiOiJBUURwTnNtTlNnYnR4VkNtV2F2cVRJZTVKd0RXNUpua2pmcUR0d3dMTVltaW44UUltUGVNV1g0ME9Na2F4S3RsRVBMZnRkVU1wRmFhTzdRanlHSUJjeU5ZLURZd01BNjB1MjB6ZjhjRHE3Qi10SFFrcF83aTI2cjhtZV9hSEU1LVh5eXBJQ24zMHN6dnVxV3plaUloeEhIclBDTXpvQmpjVTR1eTFYWUY5cDBKdC1TMUJQYk1uSl9NTmtsY3ZlVlF3YnI4QUZhUG13SjB2YklxblBzd2czZU8iLCJpc3N1ZWRfYXQiOjEzNjczNDg1NDgsInVzZXJfaWQiOiIxMDAwMDA3OTY0Mjg2NzkifQ',
 'fresh_registration': '2',
 'sessionid': '7czx89n297lg39bdqoqfyy6t8tt2lptm'},
META:{u'CSRF_COOKIE': u'mB5RR36ApGW570ijGYH91hs1nN5sQB0N',
 'HTTP_ACCEPT': 'text/html,application/xhtml+xml,application/xml;q=0.9,*/*;q=0.8',
 'HTTP_ACCEPT_CHARSET': 'windows-1251,utf-8;q=0.7,*;q=0.3',
 'HTTP_ACCEPT_ENCODING': 'gzip,deflate,sdch',
 'HTTP_ACCEPT_LANGUAGE': 'uk-UA,uk;q=0.8,ru;q=0.6,en-US;q=0.4,en;q=0.2',
 'HTTP_CONNECTION': 'close',
 'HTTP_COOKIE': 'fbm_241160805895511=base_domain=.dev.cityfusion.ca; fresh_registration=2; sessionid=7czx89n297lg39bdqoqfyy6t8tt2lptm; csrftoken=mB5RR36ApGW570ijGYH91hs1nN5sQB0N; fbsr_241160805895511=vOTUCJ7opwvKKoVU6A3duwfxVyGjLK_CxXeFxX7tIu0.eyJhbGdvcml0aG0iOiJITUFDLVNIQTI1NiIsImNvZGUiOiJBUURwTnNtTlNnYnR4VkNtV2F2cVRJZTVKd0RXNUpua2pmcUR0d3dMTVltaW44UUltUGVNV1g0ME9Na2F4S3RsRVBMZnRkVU1wRmFhTzdRanlHSUJjeU5ZLURZd01BNjB1MjB6ZjhjRHE3Qi10SFFrcF83aTI2cjhtZV9hSEU1LVh5eXBJQ24zMHN6dnVxV3plaUloeEhIclBDTXpvQmpjVTR1eTFYWUY5cDBKdC1TMUJQYk1uSl9NTmtsY3ZlVlF3YnI4QUZhUG13SjB2YklxblBzd2czZU8iLCJpc3N1ZWRfYXQiOjEzNjczNDg1NDgsInVzZXJfaWQiOiIxMDAwMDA3OTY0Mjg2NzkifQ',
 'HTTP_HOST': 'dev.cityfusion.ca',
 'HTTP_USER_AGENT': 'Mozilla/5.0 (X11; Linux i686) AppleWebKit/537.22 (KHTML, like Gecko) Ubuntu Chromium/25.0.1364.160 Chrome/25.0.1364.160 Safari/537.22',
 'HTTP_X_FORWARDED_FOR': '31.43.20.93',
 'PATH_INFO': u'/events/',
 'QUERY_STRING': '',
 'RAW_URI': '/events/',
 'REMOTE_ADDR': '31.43.20.93',
 'REMOTE_PORT': '80',
 'REQUEST_METHOD': 'GET',
 'SCRIPT_NAME': u'',
 'SERVER_NAME': 'dev.cityfusion.ca',
 'SERVER_PORT': '80',
 'SERVER_PROTOCOL': 'HTTP/1.0',
 'SERVER_SOFTWARE': 'gunicorn/0.16.1',
 'gunicorn.socket': <socket._socketobject object at 0xc870e2c>,
 'wsgi.errors': <gunicorn.glogging.LazyWriter object at 0xa48052c>,
 'wsgi.file_wrapper': <class gunicorn.http.wsgi.FileWrapper at 0xa484efc>,
 'wsgi.input': <gunicorn.http.body.Body object at 0xc87c54c>,
 'wsgi.multiprocess': True,
 'wsgi.multithread': False,
 'wsgi.run_once': False,
 'wsgi.url_scheme': 'http',
 'wsgi.version': (1, 0)}>
<WSGIRequest
path:/events/,
GET:<QueryDict: {}>,
POST:<QueryDict: {}>,
COOKIES:{'csrftoken': 'mB5RR36ApGW570ijGYH91hs1nN5sQB0N',
 'fbm_241160805895511': 'base_domain=.dev.cityfusion.ca',
 'fbsr_241160805895511': 'vOTUCJ7opwvKKoVU6A3duwfxVyGjLK_CxXeFxX7tIu0.eyJhbGdvcml0aG0iOiJITUFDLVNIQTI1NiIsImNvZGUiOiJBUURwTnNtTlNnYnR4VkNtV2F2cVRJZTVKd0RXNUpua2pmcUR0d3dMTVltaW44UUltUGVNV1g0ME9Na2F4S3RsRVBMZnRkVU1wRmFhTzdRanlHSUJjeU5ZLURZd01BNjB1MjB6ZjhjRHE3Qi10SFFrcF83aTI2cjhtZV9hSEU1LVh5eXBJQ24zMHN6dnVxV3plaUloeEhIclBDTXpvQmpjVTR1eTFYWUY5cDBKdC1TMUJQYk1uSl9NTmtsY3ZlVlF3YnI4QUZhUG13SjB2YklxblBzd2czZU8iLCJpc3N1ZWRfYXQiOjEzNjczNDg1NDgsInVzZXJfaWQiOiIxMDAwMDA3OTY0Mjg2NzkifQ',
 'fresh_registration': '2',
 'sessionid': '7czx89n297lg39bdqoqfyy6t8tt2lptm'},
META:{u'CSRF_COOKIE': u'mB5RR36ApGW570ijGYH91hs1nN5sQB0N',
 'HTTP_ACCEPT': 'text/html,application/xhtml+xml,application/xml;q=0.9,*/*;q=0.8',
 'HTTP_ACCEPT_CHARSET': 'windows-1251,utf-8;q=0.7,*;q=0.3',
 'HTTP_ACCEPT_ENCODING': 'gzip,deflate,sdch',
 'HTTP_ACCEPT_LANGUAGE': 'uk-UA,uk;q=0.8,ru;q=0.6,en-US;q=0.4,en;q=0.2',
 'HTTP_CONNECTION': 'close',
 'HTTP_COOKIE': 'fbm_241160805895511=base_domain=.dev.cityfusion.ca; fresh_registration=2; sessionid=7czx89n297lg39bdqoqfyy6t8tt2lptm; csrftoken=mB5RR36ApGW570ijGYH91hs1nN5sQB0N; fbsr_241160805895511=vOTUCJ7opwvKKoVU6A3duwfxVyGjLK_CxXeFxX7tIu0.eyJhbGdvcml0aG0iOiJITUFDLVNIQTI1NiIsImNvZGUiOiJBUURwTnNtTlNnYnR4VkNtV2F2cVRJZTVKd0RXNUpua2pmcUR0d3dMTVltaW44UUltUGVNV1g0ME9Na2F4S3RsRVBMZnRkVU1wRmFhTzdRanlHSUJjeU5ZLURZd01BNjB1MjB6ZjhjRHE3Qi10SFFrcF83aTI2cjhtZV9hSEU1LVh5eXBJQ24zMHN6dnVxV3plaUloeEhIclBDTXpvQmpjVTR1eTFYWUY5cDBKdC1TMUJQYk1uSl9NTmtsY3ZlVlF3YnI4QUZhUG13SjB2YklxblBzd2czZU8iLCJpc3N1ZWRfYXQiOjEzNjczNDg1NDgsInVzZXJfaWQiOiIxMDAwMDA3OTY0Mjg2NzkifQ',
 'HTTP_HOST': 'dev.cityfusion.ca',
 'HTTP_USER_AGENT': 'Mozilla/5.0 (X11; Linux i686) AppleWebKit/537.22 (KHTML, like Gecko) Ubuntu Chromium/25.0.1364.160 Chrome/25.0.1364.160 Safari/537.22',
 'HTTP_X_FORWARDED_FOR': '31.43.20.93',
 'PATH_INFO': u'/events/',
 'QUERY_STRING': '',
 'RAW_URI': '/events/',
 'REMOTE_ADDR': '31.43.20.93',
 'REMOTE_PORT': '80',
 'REQUEST_METHOD': 'GET',
 'SCRIPT_NAME': u'',
 'SERVER_NAME': 'dev.cityfusion.ca',
 'SERVER_PORT': '80',
 'SERVER_PROTOCOL': 'HTTP/1.0',
 'SERVER_SOFTWARE': 'gunicorn/0.16.1',
 'gunicorn.socket': <socket._socketobject object at 0xc870e2c>,
 'wsgi.errors': <gunicorn.glogging.LazyWriter object at 0xa48052c>,
 'wsgi.file_wrapper': <class gunicorn.http.wsgi.FileWrapper at 0xa484efc>,
 'wsgi.input': <gunicorn.http.body.Body object at 0xc87c54c>,
 'wsgi.multiprocess': True,
 'wsgi.multithread': False,
 'wsgi.run_once': False,
 'wsgi.url_scheme': 'http',
 'wsgi.version': (1, 0)}>
<WSGIRequest
path:/events/,
GET:<QueryDict: {}>,
POST:<QueryDict: {}>,
COOKIES:{'csrftoken': 'mB5RR36ApGW570ijGYH91hs1nN5sQB0N',
 'fbm_241160805895511': 'base_domain=.dev.cityfusion.ca',
 'fbsr_241160805895511': 'vOTUCJ7opwvKKoVU6A3duwfxVyGjLK_CxXeFxX7tIu0.eyJhbGdvcml0aG0iOiJITUFDLVNIQTI1NiIsImNvZGUiOiJBUURwTnNtTlNnYnR4VkNtV2F2cVRJZTVKd0RXNUpua2pmcUR0d3dMTVltaW44UUltUGVNV1g0ME9Na2F4S3RsRVBMZnRkVU1wRmFhTzdRanlHSUJjeU5ZLURZd01BNjB1MjB6ZjhjRHE3Qi10SFFrcF83aTI2cjhtZV9hSEU1LVh5eXBJQ24zMHN6dnVxV3plaUloeEhIclBDTXpvQmpjVTR1eTFYWUY5cDBKdC1TMUJQYk1uSl9NTmtsY3ZlVlF3YnI4QUZhUG13SjB2YklxblBzd2czZU8iLCJpc3N1ZWRfYXQiOjEzNjczNDg1NDgsInVzZXJfaWQiOiIxMDAwMDA3OTY0Mjg2NzkifQ',
 'fresh_registration': '2',
 'sessionid': '7czx89n297lg39bdqoqfyy6t8tt2lptm'},
META:{u'CSRF_COOKIE': u'mB5RR36ApGW570ijGYH91hs1nN5sQB0N',
 'HTTP_ACCEPT': 'text/html,application/xhtml+xml,application/xml;q=0.9,*/*;q=0.8',
 'HTTP_ACCEPT_CHARSET': 'windows-1251,utf-8;q=0.7,*;q=0.3',
 'HTTP_ACCEPT_ENCODING': 'gzip,deflate,sdch',
 'HTTP_ACCEPT_LANGUAGE': 'uk-UA,uk;q=0.8,ru;q=0.6,en-US;q=0.4,en;q=0.2',
 'HTTP_CONNECTION': 'close',
 'HTTP_COOKIE': 'fbm_241160805895511=base_domain=.dev.cityfusion.ca; fresh_registration=2; sessionid=7czx89n297lg39bdqoqfyy6t8tt2lptm; csrftoken=mB5RR36ApGW570ijGYH91hs1nN5sQB0N; fbsr_241160805895511=vOTUCJ7opwvKKoVU6A3duwfxVyGjLK_CxXeFxX7tIu0.eyJhbGdvcml0aG0iOiJITUFDLVNIQTI1NiIsImNvZGUiOiJBUURwTnNtTlNnYnR4VkNtV2F2cVRJZTVKd0RXNUpua2pmcUR0d3dMTVltaW44UUltUGVNV1g0ME9Na2F4S3RsRVBMZnRkVU1wRmFhTzdRanlHSUJjeU5ZLURZd01BNjB1MjB6ZjhjRHE3Qi10SFFrcF83aTI2cjhtZV9hSEU1LVh5eXBJQ24zMHN6dnVxV3plaUloeEhIclBDTXpvQmpjVTR1eTFYWUY5cDBKdC1TMUJQYk1uSl9NTmtsY3ZlVlF3YnI4QUZhUG13SjB2YklxblBzd2czZU8iLCJpc3N1ZWRfYXQiOjEzNjczNDg1NDgsInVzZXJfaWQiOiIxMDAwMDA3OTY0Mjg2NzkifQ',
 'HTTP_HOST': 'dev.cityfusion.ca',
 'HTTP_USER_AGENT': 'Mozilla/5.0 (X11; Linux i686) AppleWebKit/537.22 (KHTML, like Gecko) Ubuntu Chromium/25.0.1364.160 Chrome/25.0.1364.160 Safari/537.22',
 'HTTP_X_FORWARDED_FOR': '31.43.20.93',
 'PATH_INFO': u'/events/',
 'QUERY_STRING': '',
 'RAW_URI': '/events/',
 'REMOTE_ADDR': '31.43.20.93',
 'REMOTE_PORT': '80',
 'REQUEST_METHOD': 'GET',
 'SCRIPT_NAME': u'',
 'SERVER_NAME': 'dev.cityfusion.ca',
 'SERVER_PORT': '80',
 'SERVER_PROTOCOL': 'HTTP/1.0',
 'SERVER_SOFTWARE': 'gunicorn/0.16.1',
 'gunicorn.socket': <socket._socketobject object at 0xc870e2c>,
 'wsgi.errors': <gunicorn.glogging.LazyWriter object at 0xa48052c>,
 'wsgi.file_wrapper': <class gunicorn.http.wsgi.FileWrapper at 0xa484efc>,
 'wsgi.input': <gunicorn.http.body.Body object at 0xc87c54c>,
 'wsgi.multiprocess': True,
 'wsgi.multithread': False,
 'wsgi.run_once': False,
 'wsgi.url_scheme': 'http',
 'wsgi.version': (1, 0)}>
<WSGIRequest
path:/events/,
GET:<QueryDict: {}>,
POST:<QueryDict: {}>,
COOKIES:{'csrftoken': 'mB5RR36ApGW570ijGYH91hs1nN5sQB0N',
 'fbm_241160805895511': 'base_domain=.dev.cityfusion.ca',
 'fbsr_241160805895511': 'vOTUCJ7opwvKKoVU6A3duwfxVyGjLK_CxXeFxX7tIu0.eyJhbGdvcml0aG0iOiJITUFDLVNIQTI1NiIsImNvZGUiOiJBUURwTnNtTlNnYnR4VkNtV2F2cVRJZTVKd0RXNUpua2pmcUR0d3dMTVltaW44UUltUGVNV1g0ME9Na2F4S3RsRVBMZnRkVU1wRmFhTzdRanlHSUJjeU5ZLURZd01BNjB1MjB6ZjhjRHE3Qi10SFFrcF83aTI2cjhtZV9hSEU1LVh5eXBJQ24zMHN6dnVxV3plaUloeEhIclBDTXpvQmpjVTR1eTFYWUY5cDBKdC1TMUJQYk1uSl9NTmtsY3ZlVlF3YnI4QUZhUG13SjB2YklxblBzd2czZU8iLCJpc3N1ZWRfYXQiOjEzNjczNDg1NDgsInVzZXJfaWQiOiIxMDAwMDA3OTY0Mjg2NzkifQ',
 'fresh_registration': '2',
 'sessionid': '7czx89n297lg39bdqoqfyy6t8tt2lptm'},
META:{u'CSRF_COOKIE': u'mB5RR36ApGW570ijGYH91hs1nN5sQB0N',
 'HTTP_ACCEPT': 'text/html,application/xhtml+xml,application/xml;q=0.9,*/*;q=0.8',
 'HTTP_ACCEPT_CHARSET': 'windows-1251,utf-8;q=0.7,*;q=0.3',
 'HTTP_ACCEPT_ENCODING': 'gzip,deflate,sdch',
 'HTTP_ACCEPT_LANGUAGE': 'uk-UA,uk;q=0.8,ru;q=0.6,en-US;q=0.4,en;q=0.2',
 'HTTP_CONNECTION': 'close',
 'HTTP_COOKIE': 'fbm_241160805895511=base_domain=.dev.cityfusion.ca; fresh_registration=2; sessionid=7czx89n297lg39bdqoqfyy6t8tt2lptm; csrftoken=mB5RR36ApGW570ijGYH91hs1nN5sQB0N; fbsr_241160805895511=vOTUCJ7opwvKKoVU6A3duwfxVyGjLK_CxXeFxX7tIu0.eyJhbGdvcml0aG0iOiJITUFDLVNIQTI1NiIsImNvZGUiOiJBUURwTnNtTlNnYnR4VkNtV2F2cVRJZTVKd0RXNUpua2pmcUR0d3dMTVltaW44UUltUGVNV1g0ME9Na2F4S3RsRVBMZnRkVU1wRmFhTzdRanlHSUJjeU5ZLURZd01BNjB1MjB6ZjhjRHE3Qi10SFFrcF83aTI2cjhtZV9hSEU1LVh5eXBJQ24zMHN6dnVxV3plaUloeEhIclBDTXpvQmpjVTR1eTFYWUY5cDBKdC1TMUJQYk1uSl9NTmtsY3ZlVlF3YnI4QUZhUG13SjB2YklxblBzd2czZU8iLCJpc3N1ZWRfYXQiOjEzNjczNDg1NDgsInVzZXJfaWQiOiIxMDAwMDA3OTY0Mjg2NzkifQ',
 'HTTP_HOST': 'dev.cityfusion.ca',
 'HTTP_USER_AGENT': 'Mozilla/5.0 (X11; Linux i686) AppleWebKit/537.22 (KHTML, like Gecko) Ubuntu Chromium/25.0.1364.160 Chrome/25.0.1364.160 Safari/537.22',
 'HTTP_X_FORWARDED_FOR': '31.43.20.93',
 'PATH_INFO': u'/events/',
 'QUERY_STRING': '',
 'RAW_URI': '/events/',
 'REMOTE_ADDR': '31.43.20.93',
 'REMOTE_PORT': '80',
 'REQUEST_METHOD': 'GET',
 'SCRIPT_NAME': u'',
 'SERVER_NAME': 'dev.cityfusion.ca',
 'SERVER_PORT': '80',
 'SERVER_PROTOCOL': 'HTTP/1.0',
 'SERVER_SOFTWARE': 'gunicorn/0.16.1',
 'gunicorn.socket': <socket._socketobject object at 0xc870e2c>,
 'wsgi.errors': <gunicorn.glogging.LazyWriter object at 0xa48052c>,
 'wsgi.file_wrapper': <class gunicorn.http.wsgi.FileWrapper at 0xa484efc>,
 'wsgi.input': <gunicorn.http.body.Body object at 0xc87c54c>,
 'wsgi.multiprocess': True,
 'wsgi.multithread': False,
 'wsgi.run_once': False,
 'wsgi.url_scheme': 'http',
 'wsgi.version': (1, 0)}>
<WSGIRequest
path:/events/,
GET:<QueryDict: {}>,
POST:<QueryDict: {}>,
COOKIES:{'csrftoken': 'mB5RR36ApGW570ijGYH91hs1nN5sQB0N',
 'fbm_241160805895511': 'base_domain=.dev.cityfusion.ca',
 'fbsr_241160805895511': 'vOTUCJ7opwvKKoVU6A3duwfxVyGjLK_CxXeFxX7tIu0.eyJhbGdvcml0aG0iOiJITUFDLVNIQTI1NiIsImNvZGUiOiJBUURwTnNtTlNnYnR4VkNtV2F2cVRJZTVKd0RXNUpua2pmcUR0d3dMTVltaW44UUltUGVNV1g0ME9Na2F4S3RsRVBMZnRkVU1wRmFhTzdRanlHSUJjeU5ZLURZd01BNjB1MjB6ZjhjRHE3Qi10SFFrcF83aTI2cjhtZV9hSEU1LVh5eXBJQ24zMHN6dnVxV3plaUloeEhIclBDTXpvQmpjVTR1eTFYWUY5cDBKdC1TMUJQYk1uSl9NTmtsY3ZlVlF3YnI4QUZhUG13SjB2YklxblBzd2czZU8iLCJpc3N1ZWRfYXQiOjEzNjczNDg1NDgsInVzZXJfaWQiOiIxMDAwMDA3OTY0Mjg2NzkifQ',
 'fresh_registration': '2',
 'sessionid': '7czx89n297lg39bdqoqfyy6t8tt2lptm'},
META:{u'CSRF_COOKIE': u'mB5RR36ApGW570ijGYH91hs1nN5sQB0N',
 'HTTP_ACCEPT': 'text/html,application/xhtml+xml,application/xml;q=0.9,*/*;q=0.8',
 'HTTP_ACCEPT_CHARSET': 'windows-1251,utf-8;q=0.7,*;q=0.3',
 'HTTP_ACCEPT_ENCODING': 'gzip,deflate,sdch',
 'HTTP_ACCEPT_LANGUAGE': 'uk-UA,uk;q=0.8,ru;q=0.6,en-US;q=0.4,en;q=0.2',
 'HTTP_CONNECTION': 'close',
 'HTTP_COOKIE': 'fbm_241160805895511=base_domain=.dev.cityfusion.ca; fresh_registration=2; sessionid=7czx89n297lg39bdqoqfyy6t8tt2lptm; csrftoken=mB5RR36ApGW570ijGYH91hs1nN5sQB0N; fbsr_241160805895511=vOTUCJ7opwvKKoVU6A3duwfxVyGjLK_CxXeFxX7tIu0.eyJhbGdvcml0aG0iOiJITUFDLVNIQTI1NiIsImNvZGUiOiJBUURwTnNtTlNnYnR4VkNtV2F2cVRJZTVKd0RXNUpua2pmcUR0d3dMTVltaW44UUltUGVNV1g0ME9Na2F4S3RsRVBMZnRkVU1wRmFhTzdRanlHSUJjeU5ZLURZd01BNjB1MjB6ZjhjRHE3Qi10SFFrcF83aTI2cjhtZV9hSEU1LVh5eXBJQ24zMHN6dnVxV3plaUloeEhIclBDTXpvQmpjVTR1eTFYWUY5cDBKdC1TMUJQYk1uSl9NTmtsY3ZlVlF3YnI4QUZhUG13SjB2YklxblBzd2czZU8iLCJpc3N1ZWRfYXQiOjEzNjczNDg1NDgsInVzZXJfaWQiOiIxMDAwMDA3OTY0Mjg2NzkifQ',
 'HTTP_HOST': 'dev.cityfusion.ca',
 'HTTP_USER_AGENT': 'Mozilla/5.0 (X11; Linux i686) AppleWebKit/537.22 (KHTML, like Gecko) Ubuntu Chromium/25.0.1364.160 Chrome/25.0.1364.160 Safari/537.22',
 'HTTP_X_FORWARDED_FOR': '31.43.20.93',
 'PATH_INFO': u'/events/',
 'QUERY_STRING': '',
 'RAW_URI': '/events/',
 'REMOTE_ADDR': '31.43.20.93',
 'REMOTE_PORT': '80',
 'REQUEST_METHOD': 'GET',
 'SCRIPT_NAME': u'',
 'SERVER_NAME': 'dev.cityfusion.ca',
 'SERVER_PORT': '80',
 'SERVER_PROTOCOL': 'HTTP/1.0',
 'SERVER_SOFTWARE': 'gunicorn/0.16.1',
 'gunicorn.socket': <socket._socketobject object at 0xc870e2c>,
 'wsgi.errors': <gunicorn.glogging.LazyWriter object at 0xa48052c>,
 'wsgi.file_wrapper': <class gunicorn.http.wsgi.FileWrapper at 0xa484efc>,
 'wsgi.input': <gunicorn.http.body.Body object at 0xc87c54c>,
 'wsgi.multiprocess': True,
 'wsgi.multithread': False,
 'wsgi.run_once': False,
 'wsgi.url_scheme': 'http',
 'wsgi.version': (1, 0)}>
<WSGIRequest
path:/events/,
GET:<QueryDict: {}>,
POST:<QueryDict: {}>,
COOKIES:{'csrftoken': 'mB5RR36ApGW570ijGYH91hs1nN5sQB0N',
 'fbm_241160805895511': 'base_domain=.dev.cityfusion.ca',
 'fbsr_241160805895511': 'vOTUCJ7opwvKKoVU6A3duwfxVyGjLK_CxXeFxX7tIu0.eyJhbGdvcml0aG0iOiJITUFDLVNIQTI1NiIsImNvZGUiOiJBUURwTnNtTlNnYnR4VkNtV2F2cVRJZTVKd0RXNUpua2pmcUR0d3dMTVltaW44UUltUGVNV1g0ME9Na2F4S3RsRVBMZnRkVU1wRmFhTzdRanlHSUJjeU5ZLURZd01BNjB1MjB6ZjhjRHE3Qi10SFFrcF83aTI2cjhtZV9hSEU1LVh5eXBJQ24zMHN6dnVxV3plaUloeEhIclBDTXpvQmpjVTR1eTFYWUY5cDBKdC1TMUJQYk1uSl9NTmtsY3ZlVlF3YnI4QUZhUG13SjB2YklxblBzd2czZU8iLCJpc3N1ZWRfYXQiOjEzNjczNDg1NDgsInVzZXJfaWQiOiIxMDAwMDA3OTY0Mjg2NzkifQ',
 'fresh_registration': '2',
 'sessionid': '7czx89n297lg39bdqoqfyy6t8tt2lptm'},
META:{u'CSRF_COOKIE': u'mB5RR36ApGW570ijGYH91hs1nN5sQB0N',
 'HTTP_ACCEPT': 'text/html,application/xhtml+xml,application/xml;q=0.9,*/*;q=0.8',
 'HTTP_ACCEPT_CHARSET': 'windows-1251,utf-8;q=0.7,*;q=0.3',
 'HTTP_ACCEPT_ENCODING': 'gzip,deflate,sdch',
 'HTTP_ACCEPT_LANGUAGE': 'uk-UA,uk;q=0.8,ru;q=0.6,en-US;q=0.4,en;q=0.2',
 'HTTP_CONNECTION': 'close',
 'HTTP_COOKIE': 'fbm_241160805895511=base_domain=.dev.cityfusion.ca; fresh_registration=2; sessionid=7czx89n297lg39bdqoqfyy6t8tt2lptm; csrftoken=mB5RR36ApGW570ijGYH91hs1nN5sQB0N; fbsr_241160805895511=vOTUCJ7opwvKKoVU6A3duwfxVyGjLK_CxXeFxX7tIu0.eyJhbGdvcml0aG0iOiJITUFDLVNIQTI1NiIsImNvZGUiOiJBUURwTnNtTlNnYnR4VkNtV2F2cVRJZTVKd0RXNUpua2pmcUR0d3dMTVltaW44UUltUGVNV1g0ME9Na2F4S3RsRVBMZnRkVU1wRmFhTzdRanlHSUJjeU5ZLURZd01BNjB1MjB6ZjhjRHE3Qi10SFFrcF83aTI2cjhtZV9hSEU1LVh5eXBJQ24zMHN6dnVxV3plaUloeEhIclBDTXpvQmpjVTR1eTFYWUY5cDBKdC1TMUJQYk1uSl9NTmtsY3ZlVlF3YnI4QUZhUG13SjB2YklxblBzd2czZU8iLCJpc3N1ZWRfYXQiOjEzNjczNDg1NDgsInVzZXJfaWQiOiIxMDAwMDA3OTY0Mjg2NzkifQ',
 'HTTP_HOST': 'dev.cityfusion.ca',
 'HTTP_USER_AGENT': 'Mozilla/5.0 (X11; Linux i686) AppleWebKit/537.22 (KHTML, like Gecko) Ubuntu Chromium/25.0.1364.160 Chrome/25.0.1364.160 Safari/537.22',
 'HTTP_X_FORWARDED_FOR': '31.43.20.93',
 'PATH_INFO': u'/events/',
 'QUERY_STRING': '',
 'RAW_URI': '/events/',
 'REMOTE_ADDR': '31.43.20.93',
 'REMOTE_PORT': '80',
 'REQUEST_METHOD': 'GET',
 'SCRIPT_NAME': u'',
 'SERVER_NAME': 'dev.cityfusion.ca',
 'SERVER_PORT': '80',
 'SERVER_PROTOCOL': 'HTTP/1.0',
 'SERVER_SOFTWARE': 'gunicorn/0.16.1',
 'gunicorn.socket': <socket._socketobject object at 0xc870e2c>,
 'wsgi.errors': <gunicorn.glogging.LazyWriter object at 0xa48052c>,
 'wsgi.file_wrapper': <class gunicorn.http.wsgi.FileWrapper at 0xa484efc>,
 'wsgi.input': <gunicorn.http.body.Body object at 0xc87c54c>,
 'wsgi.multiprocess': True,
 'wsgi.multithread': False,
 'wsgi.run_once': False,
 'wsgi.url_scheme': 'http',
 'wsgi.version': (1, 0)}>
<WSGIRequest
path:/events/,
GET:<QueryDict: {}>,
POST:<QueryDict: {}>,
COOKIES:{'csrftoken': 'mB5RR36ApGW570ijGYH91hs1nN5sQB0N',
 'fbm_241160805895511': 'base_domain=.dev.cityfusion.ca',
 'fbsr_241160805895511': 'vOTUCJ7opwvKKoVU6A3duwfxVyGjLK_CxXeFxX7tIu0.eyJhbGdvcml0aG0iOiJITUFDLVNIQTI1NiIsImNvZGUiOiJBUURwTnNtTlNnYnR4VkNtV2F2cVRJZTVKd0RXNUpua2pmcUR0d3dMTVltaW44UUltUGVNV1g0ME9Na2F4S3RsRVBMZnRkVU1wRmFhTzdRanlHSUJjeU5ZLURZd01BNjB1MjB6ZjhjRHE3Qi10SFFrcF83aTI2cjhtZV9hSEU1LVh5eXBJQ24zMHN6dnVxV3plaUloeEhIclBDTXpvQmpjVTR1eTFYWUY5cDBKdC1TMUJQYk1uSl9NTmtsY3ZlVlF3YnI4QUZhUG13SjB2YklxblBzd2czZU8iLCJpc3N1ZWRfYXQiOjEzNjczNDg1NDgsInVzZXJfaWQiOiIxMDAwMDA3OTY0Mjg2NzkifQ',
 'fresh_registration': '2',
 'sessionid': '7czx89n297lg39bdqoqfyy6t8tt2lptm'},
META:{u'CSRF_COOKIE': u'mB5RR36ApGW570ijGYH91hs1nN5sQB0N',
 'HTTP_ACCEPT': 'text/html,application/xhtml+xml,application/xml;q=0.9,*/*;q=0.8',
 'HTTP_ACCEPT_CHARSET': 'windows-1251,utf-8;q=0.7,*;q=0.3',
 'HTTP_ACCEPT_ENCODING': 'gzip,deflate,sdch',
 'HTTP_ACCEPT_LANGUAGE': 'uk-UA,uk;q=0.8,ru;q=0.6,en-US;q=0.4,en;q=0.2',
 'HTTP_CONNECTION': 'close',
 'HTTP_COOKIE': 'fbm_241160805895511=base_domain=.dev.cityfusion.ca; fresh_registration=2; sessionid=7czx89n297lg39bdqoqfyy6t8tt2lptm; csrftoken=mB5RR36ApGW570ijGYH91hs1nN5sQB0N; fbsr_241160805895511=vOTUCJ7opwvKKoVU6A3duwfxVyGjLK_CxXeFxX7tIu0.eyJhbGdvcml0aG0iOiJITUFDLVNIQTI1NiIsImNvZGUiOiJBUURwTnNtTlNnYnR4VkNtV2F2cVRJZTVKd0RXNUpua2pmcUR0d3dMTVltaW44UUltUGVNV1g0ME9Na2F4S3RsRVBMZnRkVU1wRmFhTzdRanlHSUJjeU5ZLURZd01BNjB1MjB6ZjhjRHE3Qi10SFFrcF83aTI2cjhtZV9hSEU1LVh5eXBJQ24zMHN6dnVxV3plaUloeEhIclBDTXpvQmpjVTR1eTFYWUY5cDBKdC1TMUJQYk1uSl9NTmtsY3ZlVlF3YnI4QUZhUG13SjB2YklxblBzd2czZU8iLCJpc3N1ZWRfYXQiOjEzNjczNDg1NDgsInVzZXJfaWQiOiIxMDAwMDA3OTY0Mjg2NzkifQ',
 'HTTP_HOST': 'dev.cityfusion.ca',
 'HTTP_USER_AGENT': 'Mozilla/5.0 (X11; Linux i686) AppleWebKit/537.22 (KHTML, like Gecko) Ubuntu Chromium/25.0.1364.160 Chrome/25.0.1364.160 Safari/537.22',
 'HTTP_X_FORWARDED_FOR': '31.43.20.93',
 'PATH_INFO': u'/events/',
 'QUERY_STRING': '',
 'RAW_URI': '/events/',
 'REMOTE_ADDR': '31.43.20.93',
 'REMOTE_PORT': '80',
 'REQUEST_METHOD': 'GET',
 'SCRIPT_NAME': u'',
 'SERVER_NAME': 'dev.cityfusion.ca',
 'SERVER_PORT': '80',
 'SERVER_PROTOCOL': 'HTTP/1.0',
 'SERVER_SOFTWARE': 'gunicorn/0.16.1',
 'gunicorn.socket': <socket._socketobject object at 0xc870e2c>,
 'wsgi.errors': <gunicorn.glogging.LazyWriter object at 0xa48052c>,
 'wsgi.file_wrapper': <class gunicorn.http.wsgi.FileWrapper at 0xa484efc>,
 'wsgi.input': <gunicorn.http.body.Body object at 0xc87c54c>,
 'wsgi.multiprocess': True,
 'wsgi.multithread': False,
 'wsgi.run_once': False,
 'wsgi.url_scheme': 'http',
 'wsgi.version': (1, 0)}>
<WSGIRequest
path:/events/,
GET:<QueryDict: {}>,
POST:<QueryDict: {}>,
COOKIES:{'csrftoken': 'mB5RR36ApGW570ijGYH91hs1nN5sQB0N',
 'fbm_241160805895511': 'base_domain=.dev.cityfusion.ca',
 'fbsr_241160805895511': 'vOTUCJ7opwvKKoVU6A3duwfxVyGjLK_CxXeFxX7tIu0.eyJhbGdvcml0aG0iOiJITUFDLVNIQTI1NiIsImNvZGUiOiJBUURwTnNtTlNnYnR4VkNtV2F2cVRJZTVKd0RXNUpua2pmcUR0d3dMTVltaW44UUltUGVNV1g0ME9Na2F4S3RsRVBMZnRkVU1wRmFhTzdRanlHSUJjeU5ZLURZd01BNjB1MjB6ZjhjRHE3Qi10SFFrcF83aTI2cjhtZV9hSEU1LVh5eXBJQ24zMHN6dnVxV3plaUloeEhIclBDTXpvQmpjVTR1eTFYWUY5cDBKdC1TMUJQYk1uSl9NTmtsY3ZlVlF3YnI4QUZhUG13SjB2YklxblBzd2czZU8iLCJpc3N1ZWRfYXQiOjEzNjczNDg1NDgsInVzZXJfaWQiOiIxMDAwMDA3OTY0Mjg2NzkifQ',
 'fresh_registration': '2',
 'sessionid': '7czx89n297lg39bdqoqfyy6t8tt2lptm'},
META:{u'CSRF_COOKIE': u'mB5RR36ApGW570ijGYH91hs1nN5sQB0N',
 'HTTP_ACCEPT': 'text/html,application/xhtml+xml,application/xml;q=0.9,*/*;q=0.8',
 'HTTP_ACCEPT_CHARSET': 'windows-1251,utf-8;q=0.7,*;q=0.3',
 'HTTP_ACCEPT_ENCODING': 'gzip,deflate,sdch',
 'HTTP_ACCEPT_LANGUAGE': 'uk-UA,uk;q=0.8,ru;q=0.6,en-US;q=0.4,en;q=0.2',
 'HTTP_CONNECTION': 'close',
 'HTTP_COOKIE': 'fbm_241160805895511=base_domain=.dev.cityfusion.ca; fresh_registration=2; sessionid=7czx89n297lg39bdqoqfyy6t8tt2lptm; csrftoken=mB5RR36ApGW570ijGYH91hs1nN5sQB0N; fbsr_241160805895511=vOTUCJ7opwvKKoVU6A3duwfxVyGjLK_CxXeFxX7tIu0.eyJhbGdvcml0aG0iOiJITUFDLVNIQTI1NiIsImNvZGUiOiJBUURwTnNtTlNnYnR4VkNtV2F2cVRJZTVKd0RXNUpua2pmcUR0d3dMTVltaW44UUltUGVNV1g0ME9Na2F4S3RsRVBMZnRkVU1wRmFhTzdRanlHSUJjeU5ZLURZd01BNjB1MjB6ZjhjRHE3Qi10SFFrcF83aTI2cjhtZV9hSEU1LVh5eXBJQ24zMHN6dnVxV3plaUloeEhIclBDTXpvQmpjVTR1eTFYWUY5cDBKdC1TMUJQYk1uSl9NTmtsY3ZlVlF3YnI4QUZhUG13SjB2YklxblBzd2czZU8iLCJpc3N1ZWRfYXQiOjEzNjczNDg1NDgsInVzZXJfaWQiOiIxMDAwMDA3OTY0Mjg2NzkifQ',
 'HTTP_HOST': 'dev.cityfusion.ca',
 'HTTP_USER_AGENT': 'Mozilla/5.0 (X11; Linux i686) AppleWebKit/537.22 (KHTML, like Gecko) Ubuntu Chromium/25.0.1364.160 Chrome/25.0.1364.160 Safari/537.22',
 'HTTP_X_FORWARDED_FOR': '31.43.20.93',
 'PATH_INFO': u'/events/',
 'QUERY_STRING': '',
 'RAW_URI': '/events/',
 'REMOTE_ADDR': '31.43.20.93',
 'REMOTE_PORT': '80',
 'REQUEST_METHOD': 'GET',
 'SCRIPT_NAME': u'',
 'SERVER_NAME': 'dev.cityfusion.ca',
 'SERVER_PORT': '80',
 'SERVER_PROTOCOL': 'HTTP/1.0',
 'SERVER_SOFTWARE': 'gunicorn/0.16.1',
 'gunicorn.socket': <socket._socketobject object at 0xc870e2c>,
 'wsgi.errors': <gunicorn.glogging.LazyWriter object at 0xa48052c>,
 'wsgi.file_wrapper': <class gunicorn.http.wsgi.FileWrapper at 0xa484efc>,
 'wsgi.input': <gunicorn.http.body.Body object at 0xc87c54c>,
 'wsgi.multiprocess': True,
 'wsgi.multithread': False,
 'wsgi.run_once': False,
 'wsgi.url_scheme': 'http',
 'wsgi.version': (1, 0)}>
<WSGIRequest
path:/events/,
GET:<QueryDict: {}>,
POST:<QueryDict: {}>,
COOKIES:{'csrftoken': 'mB5RR36ApGW570ijGYH91hs1nN5sQB0N',
 'fbm_241160805895511': 'base_domain=.dev.cityfusion.ca',
 'fbsr_241160805895511': 'vOTUCJ7opwvKKoVU6A3duwfxVyGjLK_CxXeFxX7tIu0.eyJhbGdvcml0aG0iOiJITUFDLVNIQTI1NiIsImNvZGUiOiJBUURwTnNtTlNnYnR4VkNtV2F2cVRJZTVKd0RXNUpua2pmcUR0d3dMTVltaW44UUltUGVNV1g0ME9Na2F4S3RsRVBMZnRkVU1wRmFhTzdRanlHSUJjeU5ZLURZd01BNjB1MjB6ZjhjRHE3Qi10SFFrcF83aTI2cjhtZV9hSEU1LVh5eXBJQ24zMHN6dnVxV3plaUloeEhIclBDTXpvQmpjVTR1eTFYWUY5cDBKdC1TMUJQYk1uSl9NTmtsY3ZlVlF3YnI4QUZhUG13SjB2YklxblBzd2czZU8iLCJpc3N1ZWRfYXQiOjEzNjczNDg1NDgsInVzZXJfaWQiOiIxMDAwMDA3OTY0Mjg2NzkifQ',
 'fresh_registration': '2',
 'sessionid': '7czx89n297lg39bdqoqfyy6t8tt2lptm'},
META:{u'CSRF_COOKIE': u'mB5RR36ApGW570ijGYH91hs1nN5sQB0N',
 'HTTP_ACCEPT': 'text/html,application/xhtml+xml,application/xml;q=0.9,*/*;q=0.8',
 'HTTP_ACCEPT_CHARSET': 'windows-1251,utf-8;q=0.7,*;q=0.3',
 'HTTP_ACCEPT_ENCODING': 'gzip,deflate,sdch',
 'HTTP_ACCEPT_LANGUAGE': 'uk-UA,uk;q=0.8,ru;q=0.6,en-US;q=0.4,en;q=0.2',
 'HTTP_CONNECTION': 'close',
 'HTTP_COOKIE': 'fbm_241160805895511=base_domain=.dev.cityfusion.ca; fresh_registration=2; sessionid=7czx89n297lg39bdqoqfyy6t8tt2lptm; csrftoken=mB5RR36ApGW570ijGYH91hs1nN5sQB0N; fbsr_241160805895511=vOTUCJ7opwvKKoVU6A3duwfxVyGjLK_CxXeFxX7tIu0.eyJhbGdvcml0aG0iOiJITUFDLVNIQTI1NiIsImNvZGUiOiJBUURwTnNtTlNnYnR4VkNtV2F2cVRJZTVKd0RXNUpua2pmcUR0d3dMTVltaW44UUltUGVNV1g0ME9Na2F4S3RsRVBMZnRkVU1wRmFhTzdRanlHSUJjeU5ZLURZd01BNjB1MjB6ZjhjRHE3Qi10SFFrcF83aTI2cjhtZV9hSEU1LVh5eXBJQ24zMHN6dnVxV3plaUloeEhIclBDTXpvQmpjVTR1eTFYWUY5cDBKdC1TMUJQYk1uSl9NTmtsY3ZlVlF3YnI4QUZhUG13SjB2YklxblBzd2czZU8iLCJpc3N1ZWRfYXQiOjEzNjczNDg1NDgsInVzZXJfaWQiOiIxMDAwMDA3OTY0Mjg2NzkifQ',
 'HTTP_HOST': 'dev.cityfusion.ca',
 'HTTP_USER_AGENT': 'Mozilla/5.0 (X11; Linux i686) AppleWebKit/537.22 (KHTML, like Gecko) Ubuntu Chromium/25.0.1364.160 Chrome/25.0.1364.160 Safari/537.22',
 'HTTP_X_FORWARDED_FOR': '31.43.20.93',
 'PATH_INFO': u'/events/',
 'QUERY_STRING': '',
 'RAW_URI': '/events/',
 'REMOTE_ADDR': '31.43.20.93',
 'REMOTE_PORT': '80',
 'REQUEST_METHOD': 'GET',
 'SCRIPT_NAME': u'',
 'SERVER_NAME': 'dev.cityfusion.ca',
 'SERVER_PORT': '80',
 'SERVER_PROTOCOL': 'HTTP/1.0',
 'SERVER_SOFTWARE': 'gunicorn/0.16.1',
 'gunicorn.socket': <socket._socketobject object at 0xc870e2c>,
 'wsgi.errors': <gunicorn.glogging.LazyWriter object at 0xa48052c>,
 'wsgi.file_wrapper': <class gunicorn.http.wsgi.FileWrapper at 0xa484efc>,
 'wsgi.input': <gunicorn.http.body.Body object at 0xc87c54c>,
 'wsgi.multiprocess': True,
 'wsgi.multithread': False,
 'wsgi.run_once': False,
 'wsgi.url_scheme': 'http',
 'wsgi.version': (1, 0)}>
<WSGIRequest
path:/events/,
GET:<QueryDict: {}>,
POST:<QueryDict: {}>,
COOKIES:{'csrftoken': 'mB5RR36ApGW570ijGYH91hs1nN5sQB0N',
 'fbm_241160805895511': 'base_domain=.dev.cityfusion.ca',
 'fbsr_241160805895511': 'vOTUCJ7opwvKKoVU6A3duwfxVyGjLK_CxXeFxX7tIu0.eyJhbGdvcml0aG0iOiJITUFDLVNIQTI1NiIsImNvZGUiOiJBUURwTnNtTlNnYnR4VkNtV2F2cVRJZTVKd0RXNUpua2pmcUR0d3dMTVltaW44UUltUGVNV1g0ME9Na2F4S3RsRVBMZnRkVU1wRmFhTzdRanlHSUJjeU5ZLURZd01BNjB1MjB6ZjhjRHE3Qi10SFFrcF83aTI2cjhtZV9hSEU1LVh5eXBJQ24zMHN6dnVxV3plaUloeEhIclBDTXpvQmpjVTR1eTFYWUY5cDBKdC1TMUJQYk1uSl9NTmtsY3ZlVlF3YnI4QUZhUG13SjB2YklxblBzd2czZU8iLCJpc3N1ZWRfYXQiOjEzNjczNDg1NDgsInVzZXJfaWQiOiIxMDAwMDA3OTY0Mjg2NzkifQ',
 'fresh_registration': '2',
 'sessionid': '7czx89n297lg39bdqoqfyy6t8tt2lptm'},
META:{u'CSRF_COOKIE': u'mB5RR36ApGW570ijGYH91hs1nN5sQB0N',
 'HTTP_ACCEPT': 'text/html,application/xhtml+xml,application/xml;q=0.9,*/*;q=0.8',
 'HTTP_ACCEPT_CHARSET': 'windows-1251,utf-8;q=0.7,*;q=0.3',
 'HTTP_ACCEPT_ENCODING': 'gzip,deflate,sdch',
 'HTTP_ACCEPT_LANGUAGE': 'uk-UA,uk;q=0.8,ru;q=0.6,en-US;q=0.4,en;q=0.2',
 'HTTP_CONNECTION': 'close',
 'HTTP_COOKIE': 'fbm_241160805895511=base_domain=.dev.cityfusion.ca; fresh_registration=2; sessionid=7czx89n297lg39bdqoqfyy6t8tt2lptm; csrftoken=mB5RR36ApGW570ijGYH91hs1nN5sQB0N; fbsr_241160805895511=vOTUCJ7opwvKKoVU6A3duwfxVyGjLK_CxXeFxX7tIu0.eyJhbGdvcml0aG0iOiJITUFDLVNIQTI1NiIsImNvZGUiOiJBUURwTnNtTlNnYnR4VkNtV2F2cVRJZTVKd0RXNUpua2pmcUR0d3dMTVltaW44UUltUGVNV1g0ME9Na2F4S3RsRVBMZnRkVU1wRmFhTzdRanlHSUJjeU5ZLURZd01BNjB1MjB6ZjhjRHE3Qi10SFFrcF83aTI2cjhtZV9hSEU1LVh5eXBJQ24zMHN6dnVxV3plaUloeEhIclBDTXpvQmpjVTR1eTFYWUY5cDBKdC1TMUJQYk1uSl9NTmtsY3ZlVlF3YnI4QUZhUG13SjB2YklxblBzd2czZU8iLCJpc3N1ZWRfYXQiOjEzNjczNDg1NDgsInVzZXJfaWQiOiIxMDAwMDA3OTY0Mjg2NzkifQ',
 'HTTP_HOST': 'dev.cityfusion.ca',
 'HTTP_USER_AGENT': 'Mozilla/5.0 (X11; Linux i686) AppleWebKit/537.22 (KHTML, like Gecko) Ubuntu Chromium/25.0.1364.160 Chrome/25.0.1364.160 Safari/537.22',
 'HTTP_X_FORWARDED_FOR': '31.43.20.93',
 'PATH_INFO': u'/events/',
 'QUERY_STRING': '',
 'RAW_URI': '/events/',
 'REMOTE_ADDR': '31.43.20.93',
 'REMOTE_PORT': '80',
 'REQUEST_METHOD': 'GET',
 'SCRIPT_NAME': u'',
 'SERVER_NAME': 'dev.cityfusion.ca',
 'SERVER_PORT': '80',
 'SERVER_PROTOCOL': 'HTTP/1.0',
 'SERVER_SOFTWARE': 'gunicorn/0.16.1',
 'gunicorn.socket': <socket._socketobject object at 0xc870e2c>,
 'wsgi.errors': <gunicorn.glogging.LazyWriter object at 0xa48052c>,
 'wsgi.file_wrapper': <class gunicorn.http.wsgi.FileWrapper at 0xa484efc>,
 'wsgi.input': <gunicorn.http.body.Body object at 0xc87c54c>,
 'wsgi.multiprocess': True,
 'wsgi.multithread': False,
 'wsgi.run_once': False,
 'wsgi.url_scheme': 'http',
 'wsgi.version': (1, 0)}>
<WSGIRequest
path:/events/,
GET:<QueryDict: {}>,
POST:<QueryDict: {}>,
COOKIES:{'csrftoken': 'mB5RR36ApGW570ijGYH91hs1nN5sQB0N',
 'fbm_241160805895511': 'base_domain=.dev.cityfusion.ca',
 'fbsr_241160805895511': 'vOTUCJ7opwvKKoVU6A3duwfxVyGjLK_CxXeFxX7tIu0.eyJhbGdvcml0aG0iOiJITUFDLVNIQTI1NiIsImNvZGUiOiJBUURwTnNtTlNnYnR4VkNtV2F2cVRJZTVKd0RXNUpua2pmcUR0d3dMTVltaW44UUltUGVNV1g0ME9Na2F4S3RsRVBMZnRkVU1wRmFhTzdRanlHSUJjeU5ZLURZd01BNjB1MjB6ZjhjRHE3Qi10SFFrcF83aTI2cjhtZV9hSEU1LVh5eXBJQ24zMHN6dnVxV3plaUloeEhIclBDTXpvQmpjVTR1eTFYWUY5cDBKdC1TMUJQYk1uSl9NTmtsY3ZlVlF3YnI4QUZhUG13SjB2YklxblBzd2czZU8iLCJpc3N1ZWRfYXQiOjEzNjczNDg1NDgsInVzZXJfaWQiOiIxMDAwMDA3OTY0Mjg2NzkifQ',
 'fresh_registration': '2',
 'sessionid': '7czx89n297lg39bdqoqfyy6t8tt2lptm'},
META:{u'CSRF_COOKIE': u'mB5RR36ApGW570ijGYH91hs1nN5sQB0N',
 'HTTP_ACCEPT': 'text/html,application/xhtml+xml,application/xml;q=0.9,*/*;q=0.8',
 'HTTP_ACCEPT_CHARSET': 'windows-1251,utf-8;q=0.7,*;q=0.3',
 'HTTP_ACCEPT_ENCODING': 'gzip,deflate,sdch',
 'HTTP_ACCEPT_LANGUAGE': 'uk-UA,uk;q=0.8,ru;q=0.6,en-US;q=0.4,en;q=0.2',
 'HTTP_CONNECTION': 'close',
 'HTTP_COOKIE': 'fbm_241160805895511=base_domain=.dev.cityfusion.ca; fresh_registration=2; sessionid=7czx89n297lg39bdqoqfyy6t8tt2lptm; csrftoken=mB5RR36ApGW570ijGYH91hs1nN5sQB0N; fbsr_241160805895511=vOTUCJ7opwvKKoVU6A3duwfxVyGjLK_CxXeFxX7tIu0.eyJhbGdvcml0aG0iOiJITUFDLVNIQTI1NiIsImNvZGUiOiJBUURwTnNtTlNnYnR4VkNtV2F2cVRJZTVKd0RXNUpua2pmcUR0d3dMTVltaW44UUltUGVNV1g0ME9Na2F4S3RsRVBMZnRkVU1wRmFhTzdRanlHSUJjeU5ZLURZd01BNjB1MjB6ZjhjRHE3Qi10SFFrcF83aTI2cjhtZV9hSEU1LVh5eXBJQ24zMHN6dnVxV3plaUloeEhIclBDTXpvQmpjVTR1eTFYWUY5cDBKdC1TMUJQYk1uSl9NTmtsY3ZlVlF3YnI4QUZhUG13SjB2YklxblBzd2czZU8iLCJpc3N1ZWRfYXQiOjEzNjczNDg1NDgsInVzZXJfaWQiOiIxMDAwMDA3OTY0Mjg2NzkifQ',
 'HTTP_HOST': 'dev.cityfusion.ca',
 'HTTP_USER_AGENT': 'Mozilla/5.0 (X11; Linux i686) AppleWebKit/537.22 (KHTML, like Gecko) Ubuntu Chromium/25.0.1364.160 Chrome/25.0.1364.160 Safari/537.22',
 'HTTP_X_FORWARDED_FOR': '31.43.20.93',
 'PATH_INFO': u'/events/',
 'QUERY_STRING': '',
 'RAW_URI': '/events/',
 'REMOTE_ADDR': '31.43.20.93',
 'REMOTE_PORT': '80',
 'REQUEST_METHOD': 'GET',
 'SCRIPT_NAME': u'',
 'SERVER_NAME': 'dev.cityfusion.ca',
 'SERVER_PORT': '80',
 'SERVER_PROTOCOL': 'HTTP/1.0',
 'SERVER_SOFTWARE': 'gunicorn/0.16.1',
 'gunicorn.socket': <socket._socketobject object at 0xc870e2c>,
 'wsgi.errors': <gunicorn.glogging.LazyWriter object at 0xa48052c>,
 'wsgi.file_wrapper': <class gunicorn.http.wsgi.FileWrapper at 0xa484efc>,
 'wsgi.input': <gunicorn.http.body.Body object at 0xc87c54c>,
 'wsgi.multiprocess': True,
 'wsgi.multithread': False,
 'wsgi.run_once': False,
 'wsgi.url_scheme': 'http',
 'wsgi.version': (1, 0)}>
<WSGIRequest
path:/events/,
GET:<QueryDict: {}>,
POST:<QueryDict: {}>,
COOKIES:{'csrftoken': 'mB5RR36ApGW570ijGYH91hs1nN5sQB0N',
 'fbm_241160805895511': 'base_domain=.dev.cityfusion.ca',
 'fbsr_241160805895511': 'vOTUCJ7opwvKKoVU6A3duwfxVyGjLK_CxXeFxX7tIu0.eyJhbGdvcml0aG0iOiJITUFDLVNIQTI1NiIsImNvZGUiOiJBUURwTnNtTlNnYnR4VkNtV2F2cVRJZTVKd0RXNUpua2pmcUR0d3dMTVltaW44UUltUGVNV1g0ME9Na2F4S3RsRVBMZnRkVU1wRmFhTzdRanlHSUJjeU5ZLURZd01BNjB1MjB6ZjhjRHE3Qi10SFFrcF83aTI2cjhtZV9hSEU1LVh5eXBJQ24zMHN6dnVxV3plaUloeEhIclBDTXpvQmpjVTR1eTFYWUY5cDBKdC1TMUJQYk1uSl9NTmtsY3ZlVlF3YnI4QUZhUG13SjB2YklxblBzd2czZU8iLCJpc3N1ZWRfYXQiOjEzNjczNDg1NDgsInVzZXJfaWQiOiIxMDAwMDA3OTY0Mjg2NzkifQ',
 'fresh_registration': '2',
 'sessionid': '7czx89n297lg39bdqoqfyy6t8tt2lptm'},
META:{u'CSRF_COOKIE': u'mB5RR36ApGW570ijGYH91hs1nN5sQB0N',
 'HTTP_ACCEPT': 'text/html,application/xhtml+xml,application/xml;q=0.9,*/*;q=0.8',
 'HTTP_ACCEPT_CHARSET': 'windows-1251,utf-8;q=0.7,*;q=0.3',
 'HTTP_ACCEPT_ENCODING': 'gzip,deflate,sdch',
 'HTTP_ACCEPT_LANGUAGE': 'uk-UA,uk;q=0.8,ru;q=0.6,en-US;q=0.4,en;q=0.2',
 'HTTP_CONNECTION': 'close',
 'HTTP_COOKIE': 'fbm_241160805895511=base_domain=.dev.cityfusion.ca; fresh_registration=2; sessionid=7czx89n297lg39bdqoqfyy6t8tt2lptm; csrftoken=mB5RR36ApGW570ijGYH91hs1nN5sQB0N; fbsr_241160805895511=vOTUCJ7opwvKKoVU6A3duwfxVyGjLK_CxXeFxX7tIu0.eyJhbGdvcml0aG0iOiJITUFDLVNIQTI1NiIsImNvZGUiOiJBUURwTnNtTlNnYnR4VkNtV2F2cVRJZTVKd0RXNUpua2pmcUR0d3dMTVltaW44UUltUGVNV1g0ME9Na2F4S3RsRVBMZnRkVU1wRmFhTzdRanlHSUJjeU5ZLURZd01BNjB1MjB6ZjhjRHE3Qi10SFFrcF83aTI2cjhtZV9hSEU1LVh5eXBJQ24zMHN6dnVxV3plaUloeEhIclBDTXpvQmpjVTR1eTFYWUY5cDBKdC1TMUJQYk1uSl9NTmtsY3ZlVlF3YnI4QUZhUG13SjB2YklxblBzd2czZU8iLCJpc3N1ZWRfYXQiOjEzNjczNDg1NDgsInVzZXJfaWQiOiIxMDAwMDA3OTY0Mjg2NzkifQ',
 'HTTP_HOST': 'dev.cityfusion.ca',
 'HTTP_USER_AGENT': 'Mozilla/5.0 (X11; Linux i686) AppleWebKit/537.22 (KHTML, like Gecko) Ubuntu Chromium/25.0.1364.160 Chrome/25.0.1364.160 Safari/537.22',
 'HTTP_X_FORWARDED_FOR': '31.43.20.93',
 'PATH_INFO': u'/events/',
 'QUERY_STRING': '',
 'RAW_URI': '/events/',
 'REMOTE_ADDR': '31.43.20.93',
 'REMOTE_PORT': '80',
 'REQUEST_METHOD': 'GET',
 'SCRIPT_NAME': u'',
 'SERVER_NAME': 'dev.cityfusion.ca',
 'SERVER_PORT': '80',
 'SERVER_PROTOCOL': 'HTTP/1.0',
 'SERVER_SOFTWARE': 'gunicorn/0.16.1',
 'gunicorn.socket': <socket._socketobject object at 0xc870e2c>,
 'wsgi.errors': <gunicorn.glogging.LazyWriter object at 0xa48052c>,
 'wsgi.file_wrapper': <class gunicorn.http.wsgi.FileWrapper at 0xa484efc>,
 'wsgi.input': <gunicorn.http.body.Body object at 0xc87c54c>,
 'wsgi.multiprocess': True,
 'wsgi.multithread': False,
 'wsgi.run_once': False,
 'wsgi.url_scheme': 'http',
 'wsgi.version': (1, 0)}>
<WSGIRequest
path:/events/,
GET:<QueryDict: {}>,
POST:<QueryDict: {}>,
COOKIES:{'csrftoken': 'mB5RR36ApGW570ijGYH91hs1nN5sQB0N',
 'fbm_241160805895511': 'base_domain=.dev.cityfusion.ca',
 'fbsr_241160805895511': 'vOTUCJ7opwvKKoVU6A3duwfxVyGjLK_CxXeFxX7tIu0.eyJhbGdvcml0aG0iOiJITUFDLVNIQTI1NiIsImNvZGUiOiJBUURwTnNtTlNnYnR4VkNtV2F2cVRJZTVKd0RXNUpua2pmcUR0d3dMTVltaW44UUltUGVNV1g0ME9Na2F4S3RsRVBMZnRkVU1wRmFhTzdRanlHSUJjeU5ZLURZd01BNjB1MjB6ZjhjRHE3Qi10SFFrcF83aTI2cjhtZV9hSEU1LVh5eXBJQ24zMHN6dnVxV3plaUloeEhIclBDTXpvQmpjVTR1eTFYWUY5cDBKdC1TMUJQYk1uSl9NTmtsY3ZlVlF3YnI4QUZhUG13SjB2YklxblBzd2czZU8iLCJpc3N1ZWRfYXQiOjEzNjczNDg1NDgsInVzZXJfaWQiOiIxMDAwMDA3OTY0Mjg2NzkifQ',
 'fresh_registration': '2',
 'sessionid': '7czx89n297lg39bdqoqfyy6t8tt2lptm'},
META:{u'CSRF_COOKIE': u'mB5RR36ApGW570ijGYH91hs1nN5sQB0N',
 'HTTP_ACCEPT': 'text/html,application/xhtml+xml,application/xml;q=0.9,*/*;q=0.8',
 'HTTP_ACCEPT_CHARSET': 'windows-1251,utf-8;q=0.7,*;q=0.3',
 'HTTP_ACCEPT_ENCODING': 'gzip,deflate,sdch',
 'HTTP_ACCEPT_LANGUAGE': 'uk-UA,uk;q=0.8,ru;q=0.6,en-US;q=0.4,en;q=0.2',
 'HTTP_CONNECTION': 'close',
 'HTTP_COOKIE': 'fbm_241160805895511=base_domain=.dev.cityfusion.ca; fresh_registration=2; sessionid=7czx89n297lg39bdqoqfyy6t8tt2lptm; csrftoken=mB5RR36ApGW570ijGYH91hs1nN5sQB0N; fbsr_241160805895511=vOTUCJ7opwvKKoVU6A3duwfxVyGjLK_CxXeFxX7tIu0.eyJhbGdvcml0aG0iOiJITUFDLVNIQTI1NiIsImNvZGUiOiJBUURwTnNtTlNnYnR4VkNtV2F2cVRJZTVKd0RXNUpua2pmcUR0d3dMTVltaW44UUltUGVNV1g0ME9Na2F4S3RsRVBMZnRkVU1wRmFhTzdRanlHSUJjeU5ZLURZd01BNjB1MjB6ZjhjRHE3Qi10SFFrcF83aTI2cjhtZV9hSEU1LVh5eXBJQ24zMHN6dnVxV3plaUloeEhIclBDTXpvQmpjVTR1eTFYWUY5cDBKdC1TMUJQYk1uSl9NTmtsY3ZlVlF3YnI4QUZhUG13SjB2YklxblBzd2czZU8iLCJpc3N1ZWRfYXQiOjEzNjczNDg1NDgsInVzZXJfaWQiOiIxMDAwMDA3OTY0Mjg2NzkifQ',
 'HTTP_HOST': 'dev.cityfusion.ca',
 'HTTP_USER_AGENT': 'Mozilla/5.0 (X11; Linux i686) AppleWebKit/537.22 (KHTML, like Gecko) Ubuntu Chromium/25.0.1364.160 Chrome/25.0.1364.160 Safari/537.22',
 'HTTP_X_FORWARDED_FOR': '31.43.20.93',
 'PATH_INFO': u'/events/',
 'QUERY_STRING': '',
 'RAW_URI': '/events/',
 'REMOTE_ADDR': '31.43.20.93',
 'REMOTE_PORT': '80',
 'REQUEST_METHOD': 'GET',
 'SCRIPT_NAME': u'',
 'SERVER_NAME': 'dev.cityfusion.ca',
 'SERVER_PORT': '80',
 'SERVER_PROTOCOL': 'HTTP/1.0',
 'SERVER_SOFTWARE': 'gunicorn/0.16.1',
 'gunicorn.socket': <socket._socketobject object at 0xc870e2c>,
 'wsgi.errors': <gunicorn.glogging.LazyWriter object at 0xa48052c>,
 'wsgi.file_wrapper': <class gunicorn.http.wsgi.FileWrapper at 0xa484efc>,
 'wsgi.input': <gunicorn.http.body.Body object at 0xc87c54c>,
 'wsgi.multiprocess': True,
 'wsgi.multithread': False,
 'wsgi.run_once': False,
 'wsgi.url_scheme': 'http',
 'wsgi.version': (1, 0)}>
2013-04-30 13:02:40 [27390] [DEBUG] GET /static/popup/js/jquery.reveal.js
/root/django-trunk/django/conf/urls/defaults.py:3: DeprecationWarning: django.conf.urls.defaults is deprecated; use django.conf.urls instead
  DeprecationWarning)

2013-04-30 13:02:41 [27391] [DEBUG] GET /media/uploads/Motley.jpg.175x175_q85_box-39%2C0%2C283%2C244_crop_detail.jpg
2013-04-30 13:02:42 [27391] [DEBUG] GET /favicon.ico
2013-04-30 13:02:43 [27390] [DEBUG] GET /favicon.ico
2013-04-30 13:02:43 [27392] [DEBUG] GET /favicon.ico
2013-04-30 13:02:56 [27392] [DEBUG] GET /admin
2013-04-30 13:02:56 [27391] [DEBUG] GET /admin/
2013-04-30 13:02:59 [27390] [DEBUG] GET /static/admin_tools/css/menu.css
2013-04-30 13:02:59 [27391] [DEBUG] GET /static/admin/css/base.css
2013-04-30 13:02:59 [27392] [DEBUG] GET /static/admin_tools/css/dashboard.css
2013-04-30 13:02:59 [27390] [DEBUG] GET /static/admin_tools/css/jquery/jquery-ui.css
2013-04-30 13:02:59 [27392] [DEBUG] GET /static/admin_tools/css/theming.css
2013-04-30 13:02:59 [27391] [DEBUG] GET /static/admin_tools/js/utils.js
2013-04-30 13:03:00 [27392] [DEBUG] GET /static/admin_tools/images/django.png
2013-04-30 13:03:00 [27392] [DEBUG] GET /static/admin_tools/images/admin-tools.png
2013-04-30 13:03:00 [27390] [DEBUG] GET /static/admin/img/icon_addlink.gif
2013-04-30 13:03:00 [27390] [DEBUG] GET /static/admin/img/icon_changelink.gif
2013-04-30 13:03:00 [27392] [DEBUG] GET /static/admin_tools/js/menu.js
2013-04-30 13:03:00 [27391] [DEBUG] GET /static/admin_tools/js/jquery/jquery.cookie.min.js
2013-04-30 13:03:00 [27392] [DEBUG] GET /static/admin_tools/js/jquery/jquery.dashboard.js
2013-04-30 13:03:00 [27390] [DEBUG] GET /favicon.ico
2013-04-30 13:03:01 [27391] [DEBUG] GET /static/admin_tools/js/dashboard.js
2013-04-30 13:06:07 [27392] [DEBUG] GET /static/images/emails/blank.gif
2013-04-30 13:06:07 [27392] [DEBUG] GET /media/uploads/metalmonday4_1354330871.jpg.61x61_q85_box-0%2C25%2C300%2C325_crop_detail.jpg
2013-04-30 13:06:07 [27392] [DEBUG] GET /media/uploads/Motley.jpg.61x61_q85_box-39%2C0%2C283%2C244_crop_detail.jpg
2013-04-30 13:06:07 [27392] [DEBUG] GET /static/images/adds/adds_120x601.png
2013-04-30 13:06:07 [27390] [DEBUG] GET /static/images/adds/adds_472x58.png
2013-04-30 13:06:08 [27391] [DEBUG] GET /media/uploads/Motley.jpg.147x147_q85_box-39%2C0%2C283%2C244_crop_detail.jpg
2013-04-30 13:07:05 [27390] [DEBUG] GET /events/
[<SingleEvent: timothysamsonlewis/// Motley Crue/// 2013-05-02 19:30:00>, <SingleEvent: timothysamsonlewis/// Motley Crue/// 2013-05-02 19:30:00>, <SingleEvent: fusion/// Metal Mondays/// 2013-05-06 21:00:00>, <SingleEvent: fusion/// Metal Mondays/// 2013-05-13 21:00:00>, <SingleEvent: fusion/// Metal Mondays/// 2013-05-20 21:00:00>, <SingleEvent: fusion/// Metal Mondays/// 2013-05-27 21:00:00>]
<WSGIRequest
path:/events/,
GET:<QueryDict: {u'function': [u'tags'], u'tag': [u'Fun', u'Night Life']}>,
POST:<QueryDict: {}>,
COOKIES:{},
META:{u'CSRF_COOKIE': u'tfFO6H12beO5ivFLFJ8GgIieAJBu41KN',
 u'CSRF_COOKIE_USED': True,
 'HTTP_ACCEPT': '*/*',
 'HTTP_ACCEPT_ENCODING': 'gzip,deflate',
 'HTTP_CONNECTION': 'close',
 'HTTP_FROM': 'googlebot(at)googlebot.com',
 'HTTP_HOST': 'dev.cityfusion.ca',
 'HTTP_USER_AGENT': 'Mozilla/5.0 (compatible; Googlebot/2.1; +http://www.google.com/bot.html)',
 'HTTP_X_FORWARDED_FOR': '66.249.74.76',
 'PATH_INFO': u'/events/',
 'QUERY_STRING': 'function=tags&tag=Fun&tag=Night%20Life',
 'RAW_URI': '/events/?function=tags&tag=Fun&tag=Night%20Life',
 'REMOTE_ADDR': '66.249.74.76',
 'REMOTE_PORT': '80',
 'REQUEST_METHOD': 'GET',
 'SCRIPT_NAME': u'',
 'SERVER_NAME': 'dev.cityfusion.ca',
 'SERVER_PORT': '80',
 'SERVER_PROTOCOL': 'HTTP/1.0',
 'SERVER_SOFTWARE': 'gunicorn/0.16.1',
 'gunicorn.socket': <socket._socketobject object at 0xc87ce64>,
 'wsgi.errors': <gunicorn.glogging.LazyWriter object at 0xa48052c>,
 'wsgi.file_wrapper': <class gunicorn.http.wsgi.FileWrapper at 0xa484efc>,
 'wsgi.input': <gunicorn.http.body.Body object at 0xc87a4ec>,
 'wsgi.multiprocess': True,
 'wsgi.multithread': False,
 'wsgi.run_once': False,
 'wsgi.url_scheme': 'http',
 'wsgi.version': (1, 0)}>
<WSGIRequest
path:/events/,
GET:<QueryDict: {u'function': [u'tags'], u'tag': [u'Fun', u'Night Life']}>,
POST:<QueryDict: {}>,
COOKIES:{},
META:{u'CSRF_COOKIE': u'tfFO6H12beO5ivFLFJ8GgIieAJBu41KN',
 u'CSRF_COOKIE_USED': True,
 'HTTP_ACCEPT': '*/*',
 'HTTP_ACCEPT_ENCODING': 'gzip,deflate',
 'HTTP_CONNECTION': 'close',
 'HTTP_FROM': 'googlebot(at)googlebot.com',
 'HTTP_HOST': 'dev.cityfusion.ca',
 'HTTP_USER_AGENT': 'Mozilla/5.0 (compatible; Googlebot/2.1; +http://www.google.com/bot.html)',
 'HTTP_X_FORWARDED_FOR': '66.249.74.76',
 'PATH_INFO': u'/events/',
 'QUERY_STRING': 'function=tags&tag=Fun&tag=Night%20Life',
 'RAW_URI': '/events/?function=tags&tag=Fun&tag=Night%20Life',
 'REMOTE_ADDR': '66.249.74.76',
 'REMOTE_PORT': '80',
 'REQUEST_METHOD': 'GET',
 'SCRIPT_NAME': u'',
 'SERVER_NAME': 'dev.cityfusion.ca',
 'SERVER_PORT': '80',
 'SERVER_PROTOCOL': 'HTTP/1.0',
 'SERVER_SOFTWARE': 'gunicorn/0.16.1',
 'gunicorn.socket': <socket._socketobject object at 0xc87ce64>,
 'wsgi.errors': <gunicorn.glogging.LazyWriter object at 0xa48052c>,
 'wsgi.file_wrapper': <class gunicorn.http.wsgi.FileWrapper at 0xa484efc>,
 'wsgi.input': <gunicorn.http.body.Body object at 0xc87a4ec>,
 'wsgi.multiprocess': True,
 'wsgi.multithread': False,
 'wsgi.run_once': False,
 'wsgi.url_scheme': 'http',
 'wsgi.version': (1, 0)}>
<WSGIRequest
path:/events/,
GET:<QueryDict: {u'function': [u'tags'], u'tag': [u'Fun', u'Night Life']}>,
POST:<QueryDict: {}>,
COOKIES:{},
META:{u'CSRF_COOKIE': u'tfFO6H12beO5ivFLFJ8GgIieAJBu41KN',
 u'CSRF_COOKIE_USED': True,
 'HTTP_ACCEPT': '*/*',
 'HTTP_ACCEPT_ENCODING': 'gzip,deflate',
 'HTTP_CONNECTION': 'close',
 'HTTP_FROM': 'googlebot(at)googlebot.com',
 'HTTP_HOST': 'dev.cityfusion.ca',
 'HTTP_USER_AGENT': 'Mozilla/5.0 (compatible; Googlebot/2.1; +http://www.google.com/bot.html)',
 'HTTP_X_FORWARDED_FOR': '66.249.74.76',
 'PATH_INFO': u'/events/',
 'QUERY_STRING': 'function=tags&tag=Fun&tag=Night%20Life',
 'RAW_URI': '/events/?function=tags&tag=Fun&tag=Night%20Life',
 'REMOTE_ADDR': '66.249.74.76',
 'REMOTE_PORT': '80',
 'REQUEST_METHOD': 'GET',
 'SCRIPT_NAME': u'',
 'SERVER_NAME': 'dev.cityfusion.ca',
 'SERVER_PORT': '80',
 'SERVER_PROTOCOL': 'HTTP/1.0',
 'SERVER_SOFTWARE': 'gunicorn/0.16.1',
 'gunicorn.socket': <socket._socketobject object at 0xc87ce64>,
 'wsgi.errors': <gunicorn.glogging.LazyWriter object at 0xa48052c>,
 'wsgi.file_wrapper': <class gunicorn.http.wsgi.FileWrapper at 0xa484efc>,
 'wsgi.input': <gunicorn.http.body.Body object at 0xc87a4ec>,
 'wsgi.multiprocess': True,
 'wsgi.multithread': False,
 'wsgi.run_once': False,
 'wsgi.url_scheme': 'http',
 'wsgi.version': (1, 0)}>
<WSGIRequest
path:/events/,
GET:<QueryDict: {u'function': [u'tags'], u'tag': [u'Fun', u'Night Life']}>,
POST:<QueryDict: {}>,
COOKIES:{},
META:{u'CSRF_COOKIE': u'tfFO6H12beO5ivFLFJ8GgIieAJBu41KN',
 u'CSRF_COOKIE_USED': True,
 'HTTP_ACCEPT': '*/*',
 'HTTP_ACCEPT_ENCODING': 'gzip,deflate',
 'HTTP_CONNECTION': 'close',
 'HTTP_FROM': 'googlebot(at)googlebot.com',
 'HTTP_HOST': 'dev.cityfusion.ca',
 'HTTP_USER_AGENT': 'Mozilla/5.0 (compatible; Googlebot/2.1; +http://www.google.com/bot.html)',
 'HTTP_X_FORWARDED_FOR': '66.249.74.76',
 'PATH_INFO': u'/events/',
 'QUERY_STRING': 'function=tags&tag=Fun&tag=Night%20Life',
 'RAW_URI': '/events/?function=tags&tag=Fun&tag=Night%20Life',
 'REMOTE_ADDR': '66.249.74.76',
 'REMOTE_PORT': '80',
 'REQUEST_METHOD': 'GET',
 'SCRIPT_NAME': u'',
 'SERVER_NAME': 'dev.cityfusion.ca',
 'SERVER_PORT': '80',
 'SERVER_PROTOCOL': 'HTTP/1.0',
 'SERVER_SOFTWARE': 'gunicorn/0.16.1',
 'gunicorn.socket': <socket._socketobject object at 0xc87ce64>,
 'wsgi.errors': <gunicorn.glogging.LazyWriter object at 0xa48052c>,
 'wsgi.file_wrapper': <class gunicorn.http.wsgi.FileWrapper at 0xa484efc>,
 'wsgi.input': <gunicorn.http.body.Body object at 0xc87a4ec>,
 'wsgi.multiprocess': True,
 'wsgi.multithread': False,
 'wsgi.run_once': False,
 'wsgi.url_scheme': 'http',
 'wsgi.version': (1, 0)}>
<WSGIRequest
path:/events/,
GET:<QueryDict: {u'function': [u'tags'], u'tag': [u'Fun', u'Night Life']}>,
POST:<QueryDict: {}>,
COOKIES:{},
META:{u'CSRF_COOKIE': u'tfFO6H12beO5ivFLFJ8GgIieAJBu41KN',
 u'CSRF_COOKIE_USED': True,
 'HTTP_ACCEPT': '*/*',
 'HTTP_ACCEPT_ENCODING': 'gzip,deflate',
 'HTTP_CONNECTION': 'close',
 'HTTP_FROM': 'googlebot(at)googlebot.com',
 'HTTP_HOST': 'dev.cityfusion.ca',
 'HTTP_USER_AGENT': 'Mozilla/5.0 (compatible; Googlebot/2.1; +http://www.google.com/bot.html)',
 'HTTP_X_FORWARDED_FOR': '66.249.74.76',
 'PATH_INFO': u'/events/',
 'QUERY_STRING': 'function=tags&tag=Fun&tag=Night%20Life',
 'RAW_URI': '/events/?function=tags&tag=Fun&tag=Night%20Life',
 'REMOTE_ADDR': '66.249.74.76',
 'REMOTE_PORT': '80',
 'REQUEST_METHOD': 'GET',
 'SCRIPT_NAME': u'',
 'SERVER_NAME': 'dev.cityfusion.ca',
 'SERVER_PORT': '80',
 'SERVER_PROTOCOL': 'HTTP/1.0',
 'SERVER_SOFTWARE': 'gunicorn/0.16.1',
 'gunicorn.socket': <socket._socketobject object at 0xc87ce64>,
 'wsgi.errors': <gunicorn.glogging.LazyWriter object at 0xa48052c>,
 'wsgi.file_wrapper': <class gunicorn.http.wsgi.FileWrapper at 0xa484efc>,
 'wsgi.input': <gunicorn.http.body.Body object at 0xc87a4ec>,
 'wsgi.multiprocess': True,
 'wsgi.multithread': False,
 'wsgi.run_once': False,
 'wsgi.url_scheme': 'http',
 'wsgi.version': (1, 0)}>
<WSGIRequest
path:/events/,
GET:<QueryDict: {u'function': [u'tags'], u'tag': [u'Fun', u'Night Life']}>,
POST:<QueryDict: {}>,
COOKIES:{},
META:{u'CSRF_COOKIE': u'tfFO6H12beO5ivFLFJ8GgIieAJBu41KN',
 u'CSRF_COOKIE_USED': True,
 'HTTP_ACCEPT': '*/*',
 'HTTP_ACCEPT_ENCODING': 'gzip,deflate',
 'HTTP_CONNECTION': 'close',
 'HTTP_FROM': 'googlebot(at)googlebot.com',
 'HTTP_HOST': 'dev.cityfusion.ca',
 'HTTP_USER_AGENT': 'Mozilla/5.0 (compatible; Googlebot/2.1; +http://www.google.com/bot.html)',
 'HTTP_X_FORWARDED_FOR': '66.249.74.76',
 'PATH_INFO': u'/events/',
 'QUERY_STRING': 'function=tags&tag=Fun&tag=Night%20Life',
 'RAW_URI': '/events/?function=tags&tag=Fun&tag=Night%20Life',
 'REMOTE_ADDR': '66.249.74.76',
 'REMOTE_PORT': '80',
 'REQUEST_METHOD': 'GET',
 'SCRIPT_NAME': u'',
 'SERVER_NAME': 'dev.cityfusion.ca',
 'SERVER_PORT': '80',
 'SERVER_PROTOCOL': 'HTTP/1.0',
 'SERVER_SOFTWARE': 'gunicorn/0.16.1',
 'gunicorn.socket': <socket._socketobject object at 0xc87ce64>,
 'wsgi.errors': <gunicorn.glogging.LazyWriter object at 0xa48052c>,
 'wsgi.file_wrapper': <class gunicorn.http.wsgi.FileWrapper at 0xa484efc>,
 'wsgi.input': <gunicorn.http.body.Body object at 0xc87a4ec>,
 'wsgi.multiprocess': True,
 'wsgi.multithread': False,
 'wsgi.run_once': False,
 'wsgi.url_scheme': 'http',
 'wsgi.version': (1, 0)}>
<WSGIRequest
path:/events/,
GET:<QueryDict: {u'function': [u'tags'], u'tag': [u'Fun', u'Night Life']}>,
POST:<QueryDict: {}>,
COOKIES:{},
META:{u'CSRF_COOKIE': u'tfFO6H12beO5ivFLFJ8GgIieAJBu41KN',
 u'CSRF_COOKIE_USED': True,
 'HTTP_ACCEPT': '*/*',
 'HTTP_ACCEPT_ENCODING': 'gzip,deflate',
 'HTTP_CONNECTION': 'close',
 'HTTP_FROM': 'googlebot(at)googlebot.com',
 'HTTP_HOST': 'dev.cityfusion.ca',
 'HTTP_USER_AGENT': 'Mozilla/5.0 (compatible; Googlebot/2.1; +http://www.google.com/bot.html)',
 'HTTP_X_FORWARDED_FOR': '66.249.74.76',
 'PATH_INFO': u'/events/',
 'QUERY_STRING': 'function=tags&tag=Fun&tag=Night%20Life',
 'RAW_URI': '/events/?function=tags&tag=Fun&tag=Night%20Life',
 'REMOTE_ADDR': '66.249.74.76',
 'REMOTE_PORT': '80',
 'REQUEST_METHOD': 'GET',
 'SCRIPT_NAME': u'',
 'SERVER_NAME': 'dev.cityfusion.ca',
 'SERVER_PORT': '80',
 'SERVER_PROTOCOL': 'HTTP/1.0',
 'SERVER_SOFTWARE': 'gunicorn/0.16.1',
 'gunicorn.socket': <socket._socketobject object at 0xc87ce64>,
 'wsgi.errors': <gunicorn.glogging.LazyWriter object at 0xa48052c>,
 'wsgi.file_wrapper': <class gunicorn.http.wsgi.FileWrapper at 0xa484efc>,
 'wsgi.input': <gunicorn.http.body.Body object at 0xc87a4ec>,
 'wsgi.multiprocess': True,
 'wsgi.multithread': False,
 'wsgi.run_once': False,
 'wsgi.url_scheme': 'http',
 'wsgi.version': (1, 0)}>
<WSGIRequest
path:/events/,
GET:<QueryDict: {u'function': [u'tags'], u'tag': [u'Fun', u'Night Life']}>,
POST:<QueryDict: {}>,
COOKIES:{},
META:{u'CSRF_COOKIE': u'tfFO6H12beO5ivFLFJ8GgIieAJBu41KN',
 u'CSRF_COOKIE_USED': True,
 'HTTP_ACCEPT': '*/*',
 'HTTP_ACCEPT_ENCODING': 'gzip,deflate',
 'HTTP_CONNECTION': 'close',
 'HTTP_FROM': 'googlebot(at)googlebot.com',
 'HTTP_HOST': 'dev.cityfusion.ca',
 'HTTP_USER_AGENT': 'Mozilla/5.0 (compatible; Googlebot/2.1; +http://www.google.com/bot.html)',
 'HTTP_X_FORWARDED_FOR': '66.249.74.76',
 'PATH_INFO': u'/events/',
 'QUERY_STRING': 'function=tags&tag=Fun&tag=Night%20Life',
 'RAW_URI': '/events/?function=tags&tag=Fun&tag=Night%20Life',
 'REMOTE_ADDR': '66.249.74.76',
 'REMOTE_PORT': '80',
 'REQUEST_METHOD': 'GET',
 'SCRIPT_NAME': u'',
 'SERVER_NAME': 'dev.cityfusion.ca',
 'SERVER_PORT': '80',
 'SERVER_PROTOCOL': 'HTTP/1.0',
 'SERVER_SOFTWARE': 'gunicorn/0.16.1',
 'gunicorn.socket': <socket._socketobject object at 0xc87ce64>,
 'wsgi.errors': <gunicorn.glogging.LazyWriter object at 0xa48052c>,
 'wsgi.file_wrapper': <class gunicorn.http.wsgi.FileWrapper at 0xa484efc>,
 'wsgi.input': <gunicorn.http.body.Body object at 0xc87a4ec>,
 'wsgi.multiprocess': True,
 'wsgi.multithread': False,
 'wsgi.run_once': False,
 'wsgi.url_scheme': 'http',
 'wsgi.version': (1, 0)}>
<WSGIRequest
path:/events/,
GET:<QueryDict: {u'function': [u'tags'], u'tag': [u'Fun', u'Night Life']}>,
POST:<QueryDict: {}>,
COOKIES:{},
META:{u'CSRF_COOKIE': u'tfFO6H12beO5ivFLFJ8GgIieAJBu41KN',
 u'CSRF_COOKIE_USED': True,
 'HTTP_ACCEPT': '*/*',
 'HTTP_ACCEPT_ENCODING': 'gzip,deflate',
 'HTTP_CONNECTION': 'close',
 'HTTP_FROM': 'googlebot(at)googlebot.com',
 'HTTP_HOST': 'dev.cityfusion.ca',
 'HTTP_USER_AGENT': 'Mozilla/5.0 (compatible; Googlebot/2.1; +http://www.google.com/bot.html)',
 'HTTP_X_FORWARDED_FOR': '66.249.74.76',
 'PATH_INFO': u'/events/',
 'QUERY_STRING': 'function=tags&tag=Fun&tag=Night%20Life',
 'RAW_URI': '/events/?function=tags&tag=Fun&tag=Night%20Life',
 'REMOTE_ADDR': '66.249.74.76',
 'REMOTE_PORT': '80',
 'REQUEST_METHOD': 'GET',
 'SCRIPT_NAME': u'',
 'SERVER_NAME': 'dev.cityfusion.ca',
 'SERVER_PORT': '80',
 'SERVER_PROTOCOL': 'HTTP/1.0',
 'SERVER_SOFTWARE': 'gunicorn/0.16.1',
 'gunicorn.socket': <socket._socketobject object at 0xc87ce64>,
 'wsgi.errors': <gunicorn.glogging.LazyWriter object at 0xa48052c>,
 'wsgi.file_wrapper': <class gunicorn.http.wsgi.FileWrapper at 0xa484efc>,
 'wsgi.input': <gunicorn.http.body.Body object at 0xc87a4ec>,
 'wsgi.multiprocess': True,
 'wsgi.multithread': False,
 'wsgi.run_once': False,
 'wsgi.url_scheme': 'http',
 'wsgi.version': (1, 0)}>
<WSGIRequest
path:/events/,
GET:<QueryDict: {u'function': [u'tags'], u'tag': [u'Fun', u'Night Life']}>,
POST:<QueryDict: {}>,
COOKIES:{},
META:{u'CSRF_COOKIE': u'tfFO6H12beO5ivFLFJ8GgIieAJBu41KN',
 u'CSRF_COOKIE_USED': True,
 'HTTP_ACCEPT': '*/*',
 'HTTP_ACCEPT_ENCODING': 'gzip,deflate',
 'HTTP_CONNECTION': 'close',
 'HTTP_FROM': 'googlebot(at)googlebot.com',
 'HTTP_HOST': 'dev.cityfusion.ca',
 'HTTP_USER_AGENT': 'Mozilla/5.0 (compatible; Googlebot/2.1; +http://www.google.com/bot.html)',
 'HTTP_X_FORWARDED_FOR': '66.249.74.76',
 'PATH_INFO': u'/events/',
 'QUERY_STRING': 'function=tags&tag=Fun&tag=Night%20Life',
 'RAW_URI': '/events/?function=tags&tag=Fun&tag=Night%20Life',
 'REMOTE_ADDR': '66.249.74.76',
 'REMOTE_PORT': '80',
 'REQUEST_METHOD': 'GET',
 'SCRIPT_NAME': u'',
 'SERVER_NAME': 'dev.cityfusion.ca',
 'SERVER_PORT': '80',
 'SERVER_PROTOCOL': 'HTTP/1.0',
 'SERVER_SOFTWARE': 'gunicorn/0.16.1',
 'gunicorn.socket': <socket._socketobject object at 0xc87ce64>,
 'wsgi.errors': <gunicorn.glogging.LazyWriter object at 0xa48052c>,
 'wsgi.file_wrapper': <class gunicorn.http.wsgi.FileWrapper at 0xa484efc>,
 'wsgi.input': <gunicorn.http.body.Body object at 0xc87a4ec>,
 'wsgi.multiprocess': True,
 'wsgi.multithread': False,
 'wsgi.run_once': False,
 'wsgi.url_scheme': 'http',
 'wsgi.version': (1, 0)}>
<WSGIRequest
path:/events/,
GET:<QueryDict: {u'function': [u'tags'], u'tag': [u'Fun', u'Night Life']}>,
POST:<QueryDict: {}>,
COOKIES:{},
META:{u'CSRF_COOKIE': u'tfFO6H12beO5ivFLFJ8GgIieAJBu41KN',
 u'CSRF_COOKIE_USED': True,
 'HTTP_ACCEPT': '*/*',
 'HTTP_ACCEPT_ENCODING': 'gzip,deflate',
 'HTTP_CONNECTION': 'close',
 'HTTP_FROM': 'googlebot(at)googlebot.com',
 'HTTP_HOST': 'dev.cityfusion.ca',
 'HTTP_USER_AGENT': 'Mozilla/5.0 (compatible; Googlebot/2.1; +http://www.google.com/bot.html)',
 'HTTP_X_FORWARDED_FOR': '66.249.74.76',
 'PATH_INFO': u'/events/',
 'QUERY_STRING': 'function=tags&tag=Fun&tag=Night%20Life',
 'RAW_URI': '/events/?function=tags&tag=Fun&tag=Night%20Life',
 'REMOTE_ADDR': '66.249.74.76',
 'REMOTE_PORT': '80',
 'REQUEST_METHOD': 'GET',
 'SCRIPT_NAME': u'',
 'SERVER_NAME': 'dev.cityfusion.ca',
 'SERVER_PORT': '80',
 'SERVER_PROTOCOL': 'HTTP/1.0',
 'SERVER_SOFTWARE': 'gunicorn/0.16.1',
 'gunicorn.socket': <socket._socketobject object at 0xc87ce64>,
 'wsgi.errors': <gunicorn.glogging.LazyWriter object at 0xa48052c>,
 'wsgi.file_wrapper': <class gunicorn.http.wsgi.FileWrapper at 0xa484efc>,
 'wsgi.input': <gunicorn.http.body.Body object at 0xc87a4ec>,
 'wsgi.multiprocess': True,
 'wsgi.multithread': False,
 'wsgi.run_once': False,
 'wsgi.url_scheme': 'http',
 'wsgi.version': (1, 0)}>
<WSGIRequest
path:/events/,
GET:<QueryDict: {u'function': [u'tags'], u'tag': [u'Fun', u'Night Life']}>,
POST:<QueryDict: {}>,
COOKIES:{},
META:{u'CSRF_COOKIE': u'tfFO6H12beO5ivFLFJ8GgIieAJBu41KN',
 u'CSRF_COOKIE_USED': True,
 'HTTP_ACCEPT': '*/*',
 'HTTP_ACCEPT_ENCODING': 'gzip,deflate',
 'HTTP_CONNECTION': 'close',
 'HTTP_FROM': 'googlebot(at)googlebot.com',
 'HTTP_HOST': 'dev.cityfusion.ca',
 'HTTP_USER_AGENT': 'Mozilla/5.0 (compatible; Googlebot/2.1; +http://www.google.com/bot.html)',
 'HTTP_X_FORWARDED_FOR': '66.249.74.76',
 'PATH_INFO': u'/events/',
 'QUERY_STRING': 'function=tags&tag=Fun&tag=Night%20Life',
 'RAW_URI': '/events/?function=tags&tag=Fun&tag=Night%20Life',
 'REMOTE_ADDR': '66.249.74.76',
 'REMOTE_PORT': '80',
 'REQUEST_METHOD': 'GET',
 'SCRIPT_NAME': u'',
 'SERVER_NAME': 'dev.cityfusion.ca',
 'SERVER_PORT': '80',
 'SERVER_PROTOCOL': 'HTTP/1.0',
 'SERVER_SOFTWARE': 'gunicorn/0.16.1',
 'gunicorn.socket': <socket._socketobject object at 0xc87ce64>,
 'wsgi.errors': <gunicorn.glogging.LazyWriter object at 0xa48052c>,
 'wsgi.file_wrapper': <class gunicorn.http.wsgi.FileWrapper at 0xa484efc>,
 'wsgi.input': <gunicorn.http.body.Body object at 0xc87a4ec>,
 'wsgi.multiprocess': True,
 'wsgi.multithread': False,
 'wsgi.run_once': False,
 'wsgi.url_scheme': 'http',
 'wsgi.version': (1, 0)}>
<WSGIRequest
path:/events/,
GET:<QueryDict: {u'function': [u'tags'], u'tag': [u'Fun', u'Night Life']}>,
POST:<QueryDict: {}>,
COOKIES:{},
META:{u'CSRF_COOKIE': u'tfFO6H12beO5ivFLFJ8GgIieAJBu41KN',
 u'CSRF_COOKIE_USED': True,
 'HTTP_ACCEPT': '*/*',
 'HTTP_ACCEPT_ENCODING': 'gzip,deflate',
 'HTTP_CONNECTION': 'close',
 'HTTP_FROM': 'googlebot(at)googlebot.com',
 'HTTP_HOST': 'dev.cityfusion.ca',
 'HTTP_USER_AGENT': 'Mozilla/5.0 (compatible; Googlebot/2.1; +http://www.google.com/bot.html)',
 'HTTP_X_FORWARDED_FOR': '66.249.74.76',
 'PATH_INFO': u'/events/',
 'QUERY_STRING': 'function=tags&tag=Fun&tag=Night%20Life',
 'RAW_URI': '/events/?function=tags&tag=Fun&tag=Night%20Life',
 'REMOTE_ADDR': '66.249.74.76',
 'REMOTE_PORT': '80',
 'REQUEST_METHOD': 'GET',
 'SCRIPT_NAME': u'',
 'SERVER_NAME': 'dev.cityfusion.ca',
 'SERVER_PORT': '80',
 'SERVER_PROTOCOL': 'HTTP/1.0',
 'SERVER_SOFTWARE': 'gunicorn/0.16.1',
 'gunicorn.socket': <socket._socketobject object at 0xc87ce64>,
 'wsgi.errors': <gunicorn.glogging.LazyWriter object at 0xa48052c>,
 'wsgi.file_wrapper': <class gunicorn.http.wsgi.FileWrapper at 0xa484efc>,
 'wsgi.input': <gunicorn.http.body.Body object at 0xc87a4ec>,
 'wsgi.multiprocess': True,
 'wsgi.multithread': False,
 'wsgi.run_once': False,
 'wsgi.url_scheme': 'http',
 'wsgi.version': (1, 0)}>
<WSGIRequest
path:/events/,
GET:<QueryDict: {u'function': [u'tags'], u'tag': [u'Fun', u'Night Life']}>,
POST:<QueryDict: {}>,
COOKIES:{},
META:{u'CSRF_COOKIE': u'tfFO6H12beO5ivFLFJ8GgIieAJBu41KN',
 u'CSRF_COOKIE_USED': True,
 'HTTP_ACCEPT': '*/*',
 'HTTP_ACCEPT_ENCODING': 'gzip,deflate',
 'HTTP_CONNECTION': 'close',
 'HTTP_FROM': 'googlebot(at)googlebot.com',
 'HTTP_HOST': 'dev.cityfusion.ca',
 'HTTP_USER_AGENT': 'Mozilla/5.0 (compatible; Googlebot/2.1; +http://www.google.com/bot.html)',
 'HTTP_X_FORWARDED_FOR': '66.249.74.76',
 'PATH_INFO': u'/events/',
 'QUERY_STRING': 'function=tags&tag=Fun&tag=Night%20Life',
 'RAW_URI': '/events/?function=tags&tag=Fun&tag=Night%20Life',
 'REMOTE_ADDR': '66.249.74.76',
 'REMOTE_PORT': '80',
 'REQUEST_METHOD': 'GET',
 'SCRIPT_NAME': u'',
 'SERVER_NAME': 'dev.cityfusion.ca',
 'SERVER_PORT': '80',
 'SERVER_PROTOCOL': 'HTTP/1.0',
 'SERVER_SOFTWARE': 'gunicorn/0.16.1',
 'gunicorn.socket': <socket._socketobject object at 0xc87ce64>,
 'wsgi.errors': <gunicorn.glogging.LazyWriter object at 0xa48052c>,
 'wsgi.file_wrapper': <class gunicorn.http.wsgi.FileWrapper at 0xa484efc>,
 'wsgi.input': <gunicorn.http.body.Body object at 0xc87a4ec>,
 'wsgi.multiprocess': True,
 'wsgi.multithread': False,
 'wsgi.run_once': False,
 'wsgi.url_scheme': 'http',
 'wsgi.version': (1, 0)}>
<WSGIRequest
path:/events/,
GET:<QueryDict: {u'function': [u'tags'], u'tag': [u'Fun', u'Night Life']}>,
POST:<QueryDict: {}>,
COOKIES:{},
META:{u'CSRF_COOKIE': u'tfFO6H12beO5ivFLFJ8GgIieAJBu41KN',
 u'CSRF_COOKIE_USED': True,
 'HTTP_ACCEPT': '*/*',
 'HTTP_ACCEPT_ENCODING': 'gzip,deflate',
 'HTTP_CONNECTION': 'close',
 'HTTP_FROM': 'googlebot(at)googlebot.com',
 'HTTP_HOST': 'dev.cityfusion.ca',
 'HTTP_USER_AGENT': 'Mozilla/5.0 (compatible; Googlebot/2.1; +http://www.google.com/bot.html)',
 'HTTP_X_FORWARDED_FOR': '66.249.74.76',
 'PATH_INFO': u'/events/',
 'QUERY_STRING': 'function=tags&tag=Fun&tag=Night%20Life',
 'RAW_URI': '/events/?function=tags&tag=Fun&tag=Night%20Life',
 'REMOTE_ADDR': '66.249.74.76',
 'REMOTE_PORT': '80',
 'REQUEST_METHOD': 'GET',
 'SCRIPT_NAME': u'',
 'SERVER_NAME': 'dev.cityfusion.ca',
 'SERVER_PORT': '80',
 'SERVER_PROTOCOL': 'HTTP/1.0',
 'SERVER_SOFTWARE': 'gunicorn/0.16.1',
 'gunicorn.socket': <socket._socketobject object at 0xc87ce64>,
 'wsgi.errors': <gunicorn.glogging.LazyWriter object at 0xa48052c>,
 'wsgi.file_wrapper': <class gunicorn.http.wsgi.FileWrapper at 0xa484efc>,
 'wsgi.input': <gunicorn.http.body.Body object at 0xc87a4ec>,
 'wsgi.multiprocess': True,
 'wsgi.multithread': False,
 'wsgi.run_once': False,
 'wsgi.url_scheme': 'http',
 'wsgi.version': (1, 0)}>
None
2013-04-30 13:07:46 [27391] [DEBUG] GET /media/uploads/metalmonday4_1354330871.jpg.61x61_q85_box-0%2C25%2C300%2C325_crop_detail.jpg
2013-04-30 13:07:46 [27392] [DEBUG] GET /media/uploads/Motley.jpg.61x61_q85_box-39%2C0%2C283%2C244_crop_detail.jpg
2013-04-30 13:07:46 [27391] [DEBUG] GET /media/uploads/Motley.jpg.147x147_q85_box-39%2C0%2C283%2C244_crop_detail.jpg
2013-04-30 13:08:20 [27390] [DEBUG] GET /favicon.ico
2013-04-30 13:08:21 [27391] [DEBUG] GET /favicon.ico
